<?xml version="1.0" encoding="UTF-8"?>
<!-- Generated by org.testng.reporters.JUnitXMLReporter -->
<testsuite ignored="0" hostname="ATMECSINLT-038" failures="0" tests="5" name="InsightPageTest" time="0.016" errors="0" timestamp="22 Oct 2019 07:33:35 GMT">
  <testcase classname="com.atmecs.ToolsninjaAutomation.testBase.TestBase" name="@BeforeTest intitailizeBrowser" time="0.0">
    <failure type="org.testng.TestNGException" message="
Parameter &amp;apos;selectBrowser&amp;apos; is required by BeforeTest on method intitailizeBrowser but has not been marked @Optional or defined
in C:\Users\saurabh.chauhan\eclipse-workspace\ToolsninjaAutomation\testng.xml">
      <![CDATA[org.testng.TestNGException: 
Parameter 'selectBrowser' is required by BeforeTest on method intitailizeBrowser but has not been marked @Optional or defined
in C:\Users\saurabh.chauhan\eclipse-workspace\ToolsninjaAutomation\testng.xml
... Removed 21 stack frames]]>
    </failure>
  </testcase> <!-- @BeforeTest intitailizeBrowser -->
  <testcase classname="com.atmecs.ToolsninjaAutomation.extentReports.ExtentReport" name="@AfterMethod tearDown" time="0.0">
    <skipped/>
  </testcase> <!-- @AfterMethod tearDown -->
  <testcase classname="com.atmecs.ToolsninjaAutomation.extentReports.ExtentReport" name="@AfterMethod tearDown" time="0.0">
    <skipped/>
  </testcase> <!-- @AfterMethod tearDown -->
  <testcase classname="com.atmecs.ToolsninjaAutomation.extentReports.ExtentReport" name="@AfterMethod tearDown" time="0.0">
    <skipped/>
  </testcase> <!-- @AfterMethod tearDown -->
  <testcase classname="com.atmecs.ToolsninjaAutomation.extentReports.ExtentReport" name="@AfterMethod tearDown" time="0.0">
    <skipped/>
  </testcase> <!-- @AfterMethod tearDown -->
  <testcase classname="com.atmecs.ToolsninjaAutomation.extentReports.ExtentReport" name="@AfterMethod tearDown" time="0.0">
    <skipped/>
  </testcase> <!-- @AfterMethod tearDown -->
  <testcase classname="com.atmecs.ToolsninjaAutomation.extentReports.ExtentReport" name="@AfterTest print" time="0.0">
    <skipped/>
  </testcase> <!-- @AfterTest print -->
  <testcase classname="com.atmecs.ToolsninjaAutomation.testScripts.InsightsValidation" name="anchorRedirection" time="0.0">
    <skipped/>
  </testcase> <!-- anchorRedirection -->
  <testcase classname="com.atmecs.ToolsninjaAutomation.testScripts.InsightsValidation" name="validateDate" time="0.0">
    <skipped/>
  </testcase> <!-- validateDate -->
  <testcase classname="com.atmecs.ToolsninjaAutomation.testScripts.InsightsValidation" name="validateTitle" time="0.0">
    <skipped/>
  </testcase> <!-- validateTitle -->
  <testcase classname="com.atmecs.ToolsninjaAutomation.testScripts.InsightsValidation" name="validateBreadCrumb" time="0.0">
    <skipped/>
  </testcase> <!-- validateBreadCrumb -->
  <testcase classname="com.atmecs.ToolsninjaAutomation.testScripts.InsightsValidation" name="validateErrorMsg" time="0.0">
    <skipped/>
  </testcase> <!-- validateErrorMsg -->
</testsuite> <!-- InsightPageTest -->
