<?xml version="1.0" encoding="UTF-8"?>
<!-- Generated by org.testng.reporters.JUnitXMLReporter -->
<testsuite ignored="0" hostname="ATMECSINLT-038" failures="19" tests="243" name="Test3" time="328.563" errors="0" timestamp="25 Oct 2019 06:51:56 GMT">
  <testcase classname="com.atmecs.ToolsninjaAutomation.testScripts.HomePagetestscripts" name="homePageRedirection" time="0.72"/>
  <testcase classname="com.atmecs.ToolsninjaAutomation.testScripts.HomePagetestscripts" name="clickHeaderServices" time="8.258">
    <failure type="org.openqa.selenium.NoSuchElementException" message="Unable to find element with xpath == (//a[contains(.,&amp;apos;Services&amp;apos;)])[1]
For documentation on this error, please visit: https://www.seleniumhq.org/exceptions/no_such_element.html
Build info: version: &amp;apos;3.141.59&amp;apos;, revision: &amp;apos;e82be7d358&amp;apos;, time: &amp;apos;2018-11-14T08:17:03&amp;apos;
System info: host: &amp;apos;ATMECSINLT-038&amp;apos;, ip: &amp;apos;55.55.52.193&amp;apos;, os.name: &amp;apos;Windows 10&amp;apos;, os.arch: &amp;apos;amd64&amp;apos;, os.version: &amp;apos;10.0&amp;apos;, java.version: &amp;apos;12.0.1&amp;apos;
Driver info: org.openqa.selenium.ie.InternetExplorerDriver
Capabilities {acceptInsecureCerts: false, browserName: internet explorer, browserVersion: 11, javascriptEnabled: true, pageLoadStrategy: normal, platform: WINDOWS, platformName: WINDOWS, proxy: Proxy(), se:ieOptions: {browserAttachTimeout: 0, elementScrollBehavior: 0, enablePersistentHover: true, ie.browserCommandLineSwitches: , ie.ensureCleanSession: false, ie.fileUploadDialogTimeout: 3000, ie.forceCreateProcessApi: false, ignoreProtectedModeSettings: false, ignoreZoomSetting: false, initialBrowserUrl: http://www.atmecs.com/, nativeEvents: true, requireWindowFocus: false}, setWindowRect: true, timeouts: {implicit: 0, pageLoad: 300000, script: 30000}}
Session ID: c31e4a77-bd60-4432-ae5a-61ebec8cbebe
*** Element info: {Using=xpath, value=(//a[contains(.,&amp;apos;Services&amp;apos;)])[1]}">
      <![CDATA[org.openqa.selenium.NoSuchElementException: Unable to find element with xpath == (//a[contains(.,'Services')])[1]
For documentation on this error, please visit: https://www.seleniumhq.org/exceptions/no_such_element.html
Build info: version: '3.141.59', revision: 'e82be7d358', time: '2018-11-14T08:17:03'
System info: host: 'ATMECSINLT-038', ip: '55.55.52.193', os.name: 'Windows 10', os.arch: 'amd64', os.version: '10.0', java.version: '12.0.1'
Driver info: org.openqa.selenium.ie.InternetExplorerDriver
Capabilities {acceptInsecureCerts: false, browserName: internet explorer, browserVersion: 11, javascriptEnabled: true, pageLoadStrategy: normal, platform: WINDOWS, platformName: WINDOWS, proxy: Proxy(), se:ieOptions: {browserAttachTimeout: 0, elementScrollBehavior: 0, enablePersistentHover: true, ie.browserCommandLineSwitches: , ie.ensureCleanSession: false, ie.fileUploadDialogTimeout: 3000, ie.forceCreateProcessApi: false, ignoreProtectedModeSettings: false, ignoreZoomSetting: false, initialBrowserUrl: http://www.atmecs.com/, nativeEvents: true, requireWindowFocus: false}, setWindowRect: true, timeouts: {implicit: 0, pageLoad: 300000, script: 30000}}
Session ID: c31e4a77-bd60-4432-ae5a-61ebec8cbebe
*** Element info: {Using=xpath, value=(//a[contains(.,'Services')])[1]}
at org.openqa.selenium.remote.http.W3CHttpResponseCodec.createException(W3CHttpResponseCodec.java:187)
at org.openqa.selenium.remote.http.W3CHttpResponseCodec.decode(W3CHttpResponseCodec.java:122)
at org.openqa.selenium.remote.http.W3CHttpResponseCodec.decode(W3CHttpResponseCodec.java:49)
at org.openqa.selenium.remote.HttpCommandExecutor.execute(HttpCommandExecutor.java:158)
at org.openqa.selenium.remote.service.DriverCommandExecutor.execute(DriverCommandExecutor.java:83)
at org.openqa.selenium.remote.RemoteWebDriver.execute(RemoteWebDriver.java:552)
at org.openqa.selenium.remote.RemoteWebDriver.findElement(RemoteWebDriver.java:323)
at org.openqa.selenium.remote.RemoteWebDriver.findElementByXPath(RemoteWebDriver.java:428)
at org.openqa.selenium.By$ByXPath.findElement(By.java:353)
at org.openqa.selenium.remote.RemoteWebDriver.findElement(RemoteWebDriver.java:315)
at com.atmecs.ToolsninjaAutomation.helpers.WebUtility$1.apply(WebUtility.java:49)
at com.atmecs.ToolsninjaAutomation.helpers.WebUtility$1.apply(WebUtility.java:1)
at org.openqa.selenium.support.ui.FluentWait.until(FluentWait.java:249)
at com.atmecs.ToolsninjaAutomation.helpers.WebUtility.clickElement(WebUtility.java:47)
at com.atmecs.ToolsninjaAutomation.testflow.HomePageFlow.clickHeader(HomePageFlow.java:29)
at com.atmecs.ToolsninjaAutomation.testScripts.HomePagetestscripts.clickHeaderServices(HomePagetestscripts.java:55)
at java.base/java.util.concurrent.FutureTask.run(FutureTask.java:264)
at java.base/java.util.concurrent.ThreadPoolExecutor.runWorker(ThreadPoolExecutor.java:1128)
at java.base/java.util.concurrent.ThreadPoolExecutor$Worker.run(ThreadPoolExecutor.java:628)
at java.base/java.lang.Thread.run(Thread.java:835)
... Removed 21 stack frames]]>
    </failure>
  </testcase> <!-- clickHeaderServices -->
  <testcase classname="com.atmecs.ToolsninjaAutomation.testScripts.HomePagetestscripts" name="validatefooterForServices" time="0.641"/>
  <testcase classname="com.atmecs.ToolsninjaAutomation.testScripts.HomePagetestscripts" name="validatefooterForServices" time="0.579"/>
  <testcase classname="com.atmecs.ToolsninjaAutomation.testScripts.HomePagetestscripts" name="validatefooterForServices" time="0.412"/>
  <testcase classname="com.atmecs.ToolsninjaAutomation.testScripts.HomePagetestscripts" name="validatefooterForServices" time="0.376"/>
  <testcase classname="com.atmecs.ToolsninjaAutomation.testScripts.HomePagetestscripts" name="validatefooterForServices" time="0.352"/>
  <testcase classname="com.atmecs.ToolsninjaAutomation.testScripts.HomePagetestscripts" name="validatefooterForServices" time="0.392"/>
  <testcase classname="com.atmecs.ToolsninjaAutomation.testScripts.HomePagetestscripts" name="validatefooterForServices" time="0.416"/>
  <testcase classname="com.atmecs.ToolsninjaAutomation.testScripts.HomePagetestscripts" name="validatefooterForServices" time="0.385"/>
  <testcase classname="com.atmecs.ToolsninjaAutomation.testScripts.HomePagetestscripts" name="validatefooterForServices" time="0.728"/>
  <testcase classname="com.atmecs.ToolsninjaAutomation.testScripts.HomePagetestscripts" name="validatefooterForServices" time="0.555"/>
  <testcase classname="com.atmecs.ToolsninjaAutomation.testScripts.HomePagetestscripts" name="validatefooterForServices" time="0.44"/>
  <testcase classname="com.atmecs.ToolsninjaAutomation.testScripts.HomePagetestscripts" name="validatefooterForServices" time="0.412"/>
  <testcase classname="com.atmecs.ToolsninjaAutomation.testScripts.HomePagetestscripts" name="validatefooterForServices" time="0.356"/>
  <testcase classname="com.atmecs.ToolsninjaAutomation.testScripts.HomePagetestscripts" name="validatefooterForServices" time="0.42"/>
  <testcase classname="com.atmecs.ToolsninjaAutomation.testScripts.HomePagetestscripts" name="validatefooterForServices" time="0.339"/>
  <testcase classname="com.atmecs.ToolsninjaAutomation.testScripts.HomePagetestscripts" name="validatefooterForServices" time="0.532"/>
  <testcase classname="com.atmecs.ToolsninjaAutomation.testScripts.HomePagetestscripts" name="validatefooterForServices" time="0.598"/>
  <testcase classname="com.atmecs.ToolsninjaAutomation.testScripts.HomePagetestscripts" name="validatefooterForServices" time="0.368"/>
  <testcase classname="com.atmecs.ToolsninjaAutomation.testScripts.HomePagetestscripts" name="validatefooterForServices" time="0.566"/>
  <testcase classname="com.atmecs.ToolsninjaAutomation.testScripts.HomePagetestscripts" name="validatefooterForServices" time="0.308"/>
  <testcase classname="com.atmecs.ToolsninjaAutomation.testScripts.HomePagetestscripts" name="validatefooterForServices" time="0.532"/>
  <testcase classname="com.atmecs.ToolsninjaAutomation.testScripts.HomePagetestscripts" name="validatefooterForServices" time="0.561"/>
  <testcase classname="com.atmecs.ToolsninjaAutomation.testScripts.HomePagetestscripts" name="validatefooterForServices" time="0.425"/>
  <testcase classname="com.atmecs.ToolsninjaAutomation.testScripts.HomePagetestscripts" name="validatefooterForServices" time="0.419"/>
  <testcase classname="com.atmecs.ToolsninjaAutomation.testScripts.HomePagetestscripts" name="validatefooterForServices" time="0.344"/>
  <testcase classname="com.atmecs.ToolsninjaAutomation.testScripts.HomePagetestscripts" name="validatefooterForServices" time="0.46"/>
  <testcase classname="com.atmecs.ToolsninjaAutomation.testScripts.HomePagetestscripts" name="validatefooterForServices" time="0.482"/>
  <testcase classname="com.atmecs.ToolsninjaAutomation.testScripts.HomePagetestscripts" name="validatefooterForServices" time="0.601"/>
  <testcase classname="com.atmecs.ToolsninjaAutomation.testScripts.HomePagetestscripts" name="validatefooterForServices" time="0.349"/>
  <testcase classname="com.atmecs.ToolsninjaAutomation.testScripts.HomePagetestscripts" name="validatefooterForServices" time="0.0"/>
  <testcase classname="com.atmecs.ToolsninjaAutomation.testScripts.HomePagetestscripts" name="clickHeaderCareers" time="7.525"/>
  <testcase classname="com.atmecs.ToolsninjaAutomation.testScripts.HomePagetestscripts" name="validatefooterForCareers" time="0.665"/>
  <testcase classname="com.atmecs.ToolsninjaAutomation.testScripts.HomePagetestscripts" name="validatefooterForCareers" time="0.232"/>
  <testcase classname="com.atmecs.ToolsninjaAutomation.testScripts.HomePagetestscripts" name="validatefooterForCareers" time="0.235"/>
  <testcase classname="com.atmecs.ToolsninjaAutomation.testScripts.HomePagetestscripts" name="validatefooterForCareers" time="0.653"/>
  <testcase classname="com.atmecs.ToolsninjaAutomation.testScripts.HomePagetestscripts" name="validatefooterForCareers" time="0.787"/>
  <testcase classname="com.atmecs.ToolsninjaAutomation.testScripts.HomePagetestscripts" name="validatefooterForCareers" time="0.56"/>
  <testcase classname="com.atmecs.ToolsninjaAutomation.testScripts.HomePagetestscripts" name="validatefooterForCareers" time="0.495"/>
  <testcase classname="com.atmecs.ToolsninjaAutomation.testScripts.HomePagetestscripts" name="validatefooterForCareers" time="1.051"/>
  <testcase classname="com.atmecs.ToolsninjaAutomation.testScripts.HomePagetestscripts" name="validatefooterForCareers" time="0.631"/>
  <testcase classname="com.atmecs.ToolsninjaAutomation.testScripts.HomePagetestscripts" name="validatefooterForCareers" time="0.536"/>
  <testcase classname="com.atmecs.ToolsninjaAutomation.testScripts.HomePagetestscripts" name="validatefooterForCareers" time="0.32"/>
  <testcase classname="com.atmecs.ToolsninjaAutomation.testScripts.HomePagetestscripts" name="validatefooterForCareers" time="0.275"/>
  <testcase classname="com.atmecs.ToolsninjaAutomation.testScripts.HomePagetestscripts" name="validatefooterForCareers" time="0.3"/>
  <testcase classname="com.atmecs.ToolsninjaAutomation.testScripts.HomePagetestscripts" name="validatefooterForCareers" time="0.412"/>
  <testcase classname="com.atmecs.ToolsninjaAutomation.testScripts.HomePagetestscripts" name="validatefooterForCareers" time="0.38"/>
  <testcase classname="com.atmecs.ToolsninjaAutomation.testScripts.HomePagetestscripts" name="validatefooterForCareers" time="0.457"/>
  <testcase classname="com.atmecs.ToolsninjaAutomation.testScripts.HomePagetestscripts" name="validatefooterForCareers" time="0.49"/>
  <testcase classname="com.atmecs.ToolsninjaAutomation.testScripts.HomePagetestscripts" name="validatefooterForCareers" time="0.512"/>
  <testcase classname="com.atmecs.ToolsninjaAutomation.testScripts.HomePagetestscripts" name="validatefooterForCareers" time="0.369"/>
  <testcase classname="com.atmecs.ToolsninjaAutomation.testScripts.HomePagetestscripts" name="validatefooterForCareers" time="0.419"/>
  <testcase classname="com.atmecs.ToolsninjaAutomation.testScripts.HomePagetestscripts" name="validatefooterForCareers" time="0.535"/>
  <testcase classname="com.atmecs.ToolsninjaAutomation.testScripts.HomePagetestscripts" name="validatefooterForCareers" time="0.666"/>
  <testcase classname="com.atmecs.ToolsninjaAutomation.testScripts.HomePagetestscripts" name="validatefooterForCareers" time="0.66"/>
  <testcase classname="com.atmecs.ToolsninjaAutomation.testScripts.HomePagetestscripts" name="validatefooterForCareers" time="0.402"/>
  <testcase classname="com.atmecs.ToolsninjaAutomation.testScripts.HomePagetestscripts" name="validatefooterForCareers" time="0.751"/>
  <testcase classname="com.atmecs.ToolsninjaAutomation.testScripts.HomePagetestscripts" name="validatefooterForCareers" time="0.323"/>
  <testcase classname="com.atmecs.ToolsninjaAutomation.testScripts.HomePagetestscripts" name="validatefooterForCareers" time="0.28"/>
  <testcase classname="com.atmecs.ToolsninjaAutomation.testScripts.HomePagetestscripts" name="validatefooterForCareers" time="0.268"/>
  <testcase classname="com.atmecs.ToolsninjaAutomation.testScripts.HomePagetestscripts" name="validatefooterForCareers" time="0.379"/>
  <testcase classname="com.atmecs.ToolsninjaAutomation.testScripts.HomePagetestscripts" name="validatefooterForCareers" time="0.001"/>
  <testcase classname="com.atmecs.ToolsninjaAutomation.testScripts.HomePagetestscripts" name="clickHeaderAboutUs" time="4.625"/>
  <testcase classname="com.atmecs.ToolsninjaAutomation.testScripts.HomePagetestscripts" name="validatefooterForAboutUs" time="0.412"/>
  <testcase classname="com.atmecs.ToolsninjaAutomation.testScripts.HomePagetestscripts" name="validatefooterForAboutUs" time="0.56"/>
  <testcase classname="com.atmecs.ToolsninjaAutomation.testScripts.HomePagetestscripts" name="validatefooterForAboutUs" time="0.67"/>
  <testcase classname="com.atmecs.ToolsninjaAutomation.testScripts.HomePagetestscripts" name="validatefooterForAboutUs" time="0.864"/>
  <testcase classname="com.atmecs.ToolsninjaAutomation.testScripts.HomePagetestscripts" name="validatefooterForAboutUs" time="0.444"/>
  <testcase classname="com.atmecs.ToolsninjaAutomation.testScripts.HomePagetestscripts" name="validatefooterForAboutUs" time="0.291"/>
  <testcase classname="com.atmecs.ToolsninjaAutomation.testScripts.HomePagetestscripts" name="validatefooterForAboutUs" time="0.62"/>
  <testcase classname="com.atmecs.ToolsninjaAutomation.testScripts.HomePagetestscripts" name="validatefooterForAboutUs" time="0.427"/>
  <testcase classname="com.atmecs.ToolsninjaAutomation.testScripts.HomePagetestscripts" name="validatefooterForAboutUs" time="0.294"/>
  <testcase classname="com.atmecs.ToolsninjaAutomation.testScripts.HomePagetestscripts" name="validatefooterForAboutUs" time="0.28"/>
  <testcase classname="com.atmecs.ToolsninjaAutomation.testScripts.HomePagetestscripts" name="validatefooterForAboutUs" time="0.244"/>
  <testcase classname="com.atmecs.ToolsninjaAutomation.testScripts.HomePagetestscripts" name="validatefooterForAboutUs" time="0.245"/>
  <testcase classname="com.atmecs.ToolsninjaAutomation.testScripts.HomePagetestscripts" name="validatefooterForAboutUs" time="0.194"/>
  <testcase classname="com.atmecs.ToolsninjaAutomation.testScripts.HomePagetestscripts" name="validatefooterForAboutUs" time="0.208"/>
  <testcase classname="com.atmecs.ToolsninjaAutomation.testScripts.HomePagetestscripts" name="validatefooterForAboutUs" time="0.235"/>
  <testcase classname="com.atmecs.ToolsninjaAutomation.testScripts.HomePagetestscripts" name="validatefooterForAboutUs" time="0.252"/>
  <testcase classname="com.atmecs.ToolsninjaAutomation.testScripts.HomePagetestscripts" name="validatefooterForAboutUs" time="0.282"/>
  <testcase classname="com.atmecs.ToolsninjaAutomation.testScripts.HomePagetestscripts" name="validatefooterForAboutUs" time="0.449"/>
  <testcase classname="com.atmecs.ToolsninjaAutomation.testScripts.HomePagetestscripts" name="validatefooterForAboutUs" time="0.506"/>
  <testcase classname="com.atmecs.ToolsninjaAutomation.testScripts.HomePagetestscripts" name="validatefooterForAboutUs" time="1.108"/>
  <testcase classname="com.atmecs.ToolsninjaAutomation.testScripts.HomePagetestscripts" name="validatefooterForAboutUs" time="0.375"/>
  <testcase classname="com.atmecs.ToolsninjaAutomation.testScripts.HomePagetestscripts" name="validatefooterForAboutUs" time="0.417"/>
  <testcase classname="com.atmecs.ToolsninjaAutomation.testScripts.HomePagetestscripts" name="validatefooterForAboutUs" time="0.55"/>
  <testcase classname="com.atmecs.ToolsninjaAutomation.testScripts.HomePagetestscripts" name="validatefooterForAboutUs" time="0.57"/>
  <testcase classname="com.atmecs.ToolsninjaAutomation.testScripts.HomePagetestscripts" name="validatefooterForAboutUs" time="0.355"/>
  <testcase classname="com.atmecs.ToolsninjaAutomation.testScripts.HomePagetestscripts" name="validatefooterForAboutUs" time="0.352"/>
  <testcase classname="com.atmecs.ToolsninjaAutomation.testScripts.HomePagetestscripts" name="validatefooterForAboutUs" time="0.286"/>
  <testcase classname="com.atmecs.ToolsninjaAutomation.testScripts.HomePagetestscripts" name="validatefooterForAboutUs" time="0.386"/>
  <testcase classname="com.atmecs.ToolsninjaAutomation.testScripts.HomePagetestscripts" name="validatefooterForAboutUs" time="0.274"/>
  <testcase classname="com.atmecs.ToolsninjaAutomation.testScripts.HomePagetestscripts" name="validatefooterForAboutUs" time="0.0"/>
  <testcase classname="com.atmecs.ToolsninjaAutomation.testScripts.HomePagetestscripts" name="clickHeaderPartners" time="0.83"/>
  <testcase classname="com.atmecs.ToolsninjaAutomation.testScripts.HomePagetestscripts" name="validatefooterForPartner" time="0.285"/>
  <testcase classname="com.atmecs.ToolsninjaAutomation.testScripts.HomePagetestscripts" name="validatefooterForPartner" time="0.44"/>
  <testcase classname="com.atmecs.ToolsninjaAutomation.testScripts.HomePagetestscripts" name="validatefooterForPartner" time="0.356"/>
  <testcase classname="com.atmecs.ToolsninjaAutomation.testScripts.HomePagetestscripts" name="validatefooterForPartner" time="0.404"/>
  <testcase classname="com.atmecs.ToolsninjaAutomation.testScripts.HomePagetestscripts" name="validatefooterForPartner" time="0.448"/>
  <testcase classname="com.atmecs.ToolsninjaAutomation.testScripts.HomePagetestscripts" name="validatefooterForPartner" time="0.328"/>
  <testcase classname="com.atmecs.ToolsninjaAutomation.testScripts.HomePagetestscripts" name="validatefooterForPartner" time="0.324"/>
  <testcase classname="com.atmecs.ToolsninjaAutomation.testScripts.HomePagetestscripts" name="validatefooterForPartner" time="0.82"/>
  <testcase classname="com.atmecs.ToolsninjaAutomation.testScripts.HomePagetestscripts" name="validatefooterForPartner" time="0.492"/>
  <testcase classname="com.atmecs.ToolsninjaAutomation.testScripts.HomePagetestscripts" name="validatefooterForPartner" time="0.64"/>
  <testcase classname="com.atmecs.ToolsninjaAutomation.testScripts.HomePagetestscripts" name="validatefooterForPartner" time="0.43"/>
  <testcase classname="com.atmecs.ToolsninjaAutomation.testScripts.HomePagetestscripts" name="validatefooterForPartner" time="0.364"/>
  <testcase classname="com.atmecs.ToolsninjaAutomation.testScripts.HomePagetestscripts" name="validatefooterForPartner" time="0.68"/>
  <testcase classname="com.atmecs.ToolsninjaAutomation.testScripts.HomePagetestscripts" name="validatefooterForPartner" time="0.425"/>
  <testcase classname="com.atmecs.ToolsninjaAutomation.testScripts.HomePagetestscripts" name="validatefooterForPartner" time="0.424"/>
  <testcase classname="com.atmecs.ToolsninjaAutomation.testScripts.HomePagetestscripts" name="validatefooterForPartner" time="0.368"/>
  <testcase classname="com.atmecs.ToolsninjaAutomation.testScripts.HomePagetestscripts" name="validatefooterForPartner" time="0.244"/>
  <testcase classname="com.atmecs.ToolsninjaAutomation.testScripts.HomePagetestscripts" name="validatefooterForPartner" time="0.296"/>
  <testcase classname="com.atmecs.ToolsninjaAutomation.testScripts.HomePagetestscripts" name="validatefooterForPartner" time="0.708"/>
  <testcase classname="com.atmecs.ToolsninjaAutomation.testScripts.HomePagetestscripts" name="validatefooterForPartner" time="0.542"/>
  <testcase classname="com.atmecs.ToolsninjaAutomation.testScripts.HomePagetestscripts" name="validatefooterForPartner" time="0.301"/>
  <testcase classname="com.atmecs.ToolsninjaAutomation.testScripts.HomePagetestscripts" name="validatefooterForPartner" time="0.288"/>
  <testcase classname="com.atmecs.ToolsninjaAutomation.testScripts.HomePagetestscripts" name="validatefooterForPartner" time="0.31"/>
  <testcase classname="com.atmecs.ToolsninjaAutomation.testScripts.HomePagetestscripts" name="validatefooterForPartner" time="0.254"/>
  <testcase classname="com.atmecs.ToolsninjaAutomation.testScripts.HomePagetestscripts" name="validatefooterForPartner" time="0.296"/>
  <testcase classname="com.atmecs.ToolsninjaAutomation.testScripts.HomePagetestscripts" name="validatefooterForPartner" time="0.394"/>
  <testcase classname="com.atmecs.ToolsninjaAutomation.testScripts.HomePagetestscripts" name="validatefooterForPartner" time="0.36"/>
  <testcase classname="com.atmecs.ToolsninjaAutomation.testScripts.HomePagetestscripts" name="validatefooterForPartner" time="0.609"/>
  <testcase classname="com.atmecs.ToolsninjaAutomation.testScripts.HomePagetestscripts" name="validatefooterForPartner" time="0.256"/>
  <testcase classname="com.atmecs.ToolsninjaAutomation.testScripts.HomePagetestscripts" name="validatefooterForPartner" time="0.0"/>
  <testcase classname="com.atmecs.ToolsninjaAutomation.testScripts.HomePagetestscripts" name="clickHeaderMedia" time="0.792"/>
  <testcase classname="com.atmecs.ToolsninjaAutomation.testScripts.HomePagetestscripts" name="validatefooterForMedia" time="0.343"/>
  <testcase classname="com.atmecs.ToolsninjaAutomation.testScripts.HomePagetestscripts" name="validatefooterForMedia" time="0.34"/>
  <testcase classname="com.atmecs.ToolsninjaAutomation.testScripts.HomePagetestscripts" name="validatefooterForMedia" time="0.339"/>
  <testcase classname="com.atmecs.ToolsninjaAutomation.testScripts.HomePagetestscripts" name="validatefooterForMedia" time="0.259"/>
  <testcase classname="com.atmecs.ToolsninjaAutomation.testScripts.HomePagetestscripts" name="validatefooterForMedia" time="0.324"/>
  <testcase classname="com.atmecs.ToolsninjaAutomation.testScripts.HomePagetestscripts" name="validatefooterForMedia" time="0.258"/>
  <testcase classname="com.atmecs.ToolsninjaAutomation.testScripts.HomePagetestscripts" name="validatefooterForMedia" time="0.356"/>
  <testcase classname="com.atmecs.ToolsninjaAutomation.testScripts.HomePagetestscripts" name="validatefooterForMedia" time="0.315"/>
  <testcase classname="com.atmecs.ToolsninjaAutomation.testScripts.HomePagetestscripts" name="validatefooterForMedia" time="0.196"/>
  <testcase classname="com.atmecs.ToolsninjaAutomation.testScripts.HomePagetestscripts" name="validatefooterForMedia" time="0.216"/>
  <testcase classname="com.atmecs.ToolsninjaAutomation.testScripts.HomePagetestscripts" name="validatefooterForMedia" time="0.324"/>
  <testcase classname="com.atmecs.ToolsninjaAutomation.testScripts.HomePagetestscripts" name="validatefooterForMedia" time="0.425"/>
  <testcase classname="com.atmecs.ToolsninjaAutomation.testScripts.HomePagetestscripts" name="validatefooterForMedia" time="0.392"/>
  <testcase classname="com.atmecs.ToolsninjaAutomation.testScripts.HomePagetestscripts" name="validatefooterForMedia" time="0.28"/>
  <testcase classname="com.atmecs.ToolsninjaAutomation.testScripts.HomePagetestscripts" name="validatefooterForMedia" time="0.303"/>
  <testcase classname="com.atmecs.ToolsninjaAutomation.testScripts.HomePagetestscripts" name="validatefooterForMedia" time="0.732"/>
  <testcase classname="com.atmecs.ToolsninjaAutomation.testScripts.HomePagetestscripts" name="validatefooterForMedia" time="0.719"/>
  <testcase classname="com.atmecs.ToolsninjaAutomation.testScripts.HomePagetestscripts" name="validatefooterForMedia" time="0.323"/>
  <testcase classname="com.atmecs.ToolsninjaAutomation.testScripts.HomePagetestscripts" name="validatefooterForMedia" time="0.481"/>
  <testcase classname="com.atmecs.ToolsninjaAutomation.testScripts.HomePagetestscripts" name="validatefooterForMedia" time="0.416"/>
  <testcase classname="com.atmecs.ToolsninjaAutomation.testScripts.HomePagetestscripts" name="validatefooterForMedia" time="0.292"/>
  <testcase classname="com.atmecs.ToolsninjaAutomation.testScripts.HomePagetestscripts" name="validatefooterForMedia" time="0.259"/>
  <testcase classname="com.atmecs.ToolsninjaAutomation.testScripts.HomePagetestscripts" name="validatefooterForMedia" time="0.308"/>
  <testcase classname="com.atmecs.ToolsninjaAutomation.testScripts.HomePagetestscripts" name="validatefooterForMedia" time="0.38"/>
  <testcase classname="com.atmecs.ToolsninjaAutomation.testScripts.HomePagetestscripts" name="validatefooterForMedia" time="0.425"/>
  <testcase classname="com.atmecs.ToolsninjaAutomation.testScripts.HomePagetestscripts" name="validatefooterForMedia" time="0.396"/>
  <testcase classname="com.atmecs.ToolsninjaAutomation.testScripts.HomePagetestscripts" name="validatefooterForMedia" time="0.424"/>
  <testcase classname="com.atmecs.ToolsninjaAutomation.testScripts.HomePagetestscripts" name="validatefooterForMedia" time="0.572"/>
  <testcase classname="com.atmecs.ToolsninjaAutomation.testScripts.HomePagetestscripts" name="validatefooterForMedia" time="0.287"/>
  <testcase classname="com.atmecs.ToolsninjaAutomation.testScripts.HomePagetestscripts" name="validatefooterForMedia" time="0.001"/>
  <testcase classname="com.atmecs.ToolsninjaAutomation.testScripts.HomePagetestscripts" name="clickContactUs" time="8.963"/>
  <testcase classname="com.atmecs.ToolsninjaAutomation.testScripts.HomePagetestscripts" name="validatefooterForContacts" time="1.897"/>
  <testcase classname="com.atmecs.ToolsninjaAutomation.testScripts.HomePagetestscripts" name="validatefooterForContacts" time="0.619"/>
  <testcase classname="com.atmecs.ToolsninjaAutomation.testScripts.HomePagetestscripts" name="validatefooterForContacts" time="0.403"/>
  <testcase classname="com.atmecs.ToolsninjaAutomation.testScripts.HomePagetestscripts" name="validatefooterForContacts" time="0.396"/>
  <testcase classname="com.atmecs.ToolsninjaAutomation.testScripts.HomePagetestscripts" name="validatefooterForContacts" time="0.488"/>
  <testcase classname="com.atmecs.ToolsninjaAutomation.testScripts.HomePagetestscripts" name="validatefooterForContacts" time="0.34"/>
  <testcase classname="com.atmecs.ToolsninjaAutomation.testScripts.HomePagetestscripts" name="validatefooterForContacts" time="0.382"/>
  <testcase classname="com.atmecs.ToolsninjaAutomation.testScripts.HomePagetestscripts" name="validatefooterForContacts" time="0.34"/>
  <testcase classname="com.atmecs.ToolsninjaAutomation.testScripts.HomePagetestscripts" name="validatefooterForContacts" time="0.307"/>
  <testcase classname="com.atmecs.ToolsninjaAutomation.testScripts.HomePagetestscripts" name="validatefooterForContacts" time="0.304"/>
  <testcase classname="com.atmecs.ToolsninjaAutomation.testScripts.HomePagetestscripts" name="validatefooterForContacts" time="0.311"/>
  <testcase classname="com.atmecs.ToolsninjaAutomation.testScripts.HomePagetestscripts" name="validatefooterForContacts" time="0.328"/>
  <testcase classname="com.atmecs.ToolsninjaAutomation.testScripts.HomePagetestscripts" name="validatefooterForContacts" time="0.308"/>
  <testcase classname="com.atmecs.ToolsninjaAutomation.testScripts.HomePagetestscripts" name="validatefooterForContacts" time="0.317"/>
  <testcase classname="com.atmecs.ToolsninjaAutomation.testScripts.HomePagetestscripts" name="validatefooterForContacts" time="0.335"/>
  <testcase classname="com.atmecs.ToolsninjaAutomation.testScripts.HomePagetestscripts" name="validatefooterForContacts" time="0.392"/>
  <testcase classname="com.atmecs.ToolsninjaAutomation.testScripts.HomePagetestscripts" name="validatefooterForContacts" time="0.327"/>
  <testcase classname="com.atmecs.ToolsninjaAutomation.testScripts.HomePagetestscripts" name="validatefooterForContacts" time="0.444"/>
  <testcase classname="com.atmecs.ToolsninjaAutomation.testScripts.HomePagetestscripts" name="validatefooterForContacts" time="0.447"/>
  <testcase classname="com.atmecs.ToolsninjaAutomation.testScripts.HomePagetestscripts" name="validatefooterForContacts" time="0.312"/>
  <testcase classname="com.atmecs.ToolsninjaAutomation.testScripts.HomePagetestscripts" name="validatefooterForContacts" time="0.291"/>
  <testcase classname="com.atmecs.ToolsninjaAutomation.testScripts.HomePagetestscripts" name="validatefooterForContacts" time="0.28"/>
  <testcase classname="com.atmecs.ToolsninjaAutomation.testScripts.HomePagetestscripts" name="validatefooterForContacts" time="0.328"/>
  <testcase classname="com.atmecs.ToolsninjaAutomation.testScripts.HomePagetestscripts" name="validatefooterForContacts" time="0.296"/>
  <testcase classname="com.atmecs.ToolsninjaAutomation.testScripts.HomePagetestscripts" name="validatefooterForContacts" time="0.424"/>
  <testcase classname="com.atmecs.ToolsninjaAutomation.testScripts.HomePagetestscripts" name="validatefooterForContacts" time="0.532"/>
  <testcase classname="com.atmecs.ToolsninjaAutomation.testScripts.HomePagetestscripts" name="validatefooterForContacts" time="0.302"/>
  <testcase classname="com.atmecs.ToolsninjaAutomation.testScripts.HomePagetestscripts" name="validatefooterForContacts" time="0.279"/>
  <testcase classname="com.atmecs.ToolsninjaAutomation.testScripts.HomePagetestscripts" name="validatefooterForContacts" time="0.448"/>
  <testcase classname="com.atmecs.ToolsninjaAutomation.testScripts.HomePagetestscripts" name="validatefooterForContacts" time="0.0"/>
  <testcase classname="com.atmecs.ToolsninjaAutomation.testScripts.HomePagetestscripts" name="clickInsights" time="1.017"/>
  <testcase classname="com.atmecs.ToolsninjaAutomation.testScripts.HomePagetestscripts" name="validatefooterForInsights" time="0.315"/>
  <testcase classname="com.atmecs.ToolsninjaAutomation.testScripts.HomePagetestscripts" name="validatefooterForInsights" time="0.276"/>
  <testcase classname="com.atmecs.ToolsninjaAutomation.testScripts.HomePagetestscripts" name="validatefooterForInsights" time="0.312"/>
  <testcase classname="com.atmecs.ToolsninjaAutomation.testScripts.HomePagetestscripts" name="validatefooterForInsights" time="0.383"/>
  <testcase classname="com.atmecs.ToolsninjaAutomation.testScripts.HomePagetestscripts" name="validatefooterForInsights" time="0.318"/>
  <testcase classname="com.atmecs.ToolsninjaAutomation.testScripts.HomePagetestscripts" name="validatefooterForInsights" time="0.32"/>
  <testcase classname="com.atmecs.ToolsninjaAutomation.testScripts.HomePagetestscripts" name="validatefooterForInsights" time="0.36"/>
  <testcase classname="com.atmecs.ToolsninjaAutomation.testScripts.HomePagetestscripts" name="validatefooterForInsights" time="0.492"/>
  <testcase classname="com.atmecs.ToolsninjaAutomation.testScripts.HomePagetestscripts" name="validatefooterForInsights" time="0.46"/>
  <testcase classname="com.atmecs.ToolsninjaAutomation.testScripts.HomePagetestscripts" name="validatefooterForInsights" time="0.804"/>
  <testcase classname="com.atmecs.ToolsninjaAutomation.testScripts.HomePagetestscripts" name="validatefooterForInsights" time="0.296"/>
  <testcase classname="com.atmecs.ToolsninjaAutomation.testScripts.HomePagetestscripts" name="validatefooterForInsights" time="0.244"/>
  <testcase classname="com.atmecs.ToolsninjaAutomation.testScripts.HomePagetestscripts" name="validatefooterForInsights" time="0.292"/>
  <testcase classname="com.atmecs.ToolsninjaAutomation.testScripts.HomePagetestscripts" name="validatefooterForInsights" time="0.28"/>
  <testcase classname="com.atmecs.ToolsninjaAutomation.testScripts.HomePagetestscripts" name="validatefooterForInsights" time="0.41"/>
  <testcase classname="com.atmecs.ToolsninjaAutomation.testScripts.HomePagetestscripts" name="validatefooterForInsights" time="0.304"/>
  <testcase classname="com.atmecs.ToolsninjaAutomation.testScripts.HomePagetestscripts" name="validatefooterForInsights" time="0.229"/>
  <testcase classname="com.atmecs.ToolsninjaAutomation.testScripts.HomePagetestscripts" name="validatefooterForInsights" time="0.239"/>
  <testcase classname="com.atmecs.ToolsninjaAutomation.testScripts.HomePagetestscripts" name="validatefooterForInsights" time="0.28"/>
  <testcase classname="com.atmecs.ToolsninjaAutomation.testScripts.HomePagetestscripts" name="validatefooterForInsights" time="0.544"/>
  <testcase classname="com.atmecs.ToolsninjaAutomation.testScripts.HomePagetestscripts" name="validatefooterForInsights" time="0.91"/>
  <testcase classname="com.atmecs.ToolsninjaAutomation.testScripts.HomePagetestscripts" name="validatefooterForInsights" time="0.271"/>
  <testcase classname="com.atmecs.ToolsninjaAutomation.testScripts.HomePagetestscripts" name="validatefooterForInsights" time="0.224"/>
  <testcase classname="com.atmecs.ToolsninjaAutomation.testScripts.HomePagetestscripts" name="validatefooterForInsights" time="0.228"/>
  <testcase classname="com.atmecs.ToolsninjaAutomation.testScripts.HomePagetestscripts" name="validatefooterForInsights" time="0.212"/>
  <testcase classname="com.atmecs.ToolsninjaAutomation.testScripts.HomePagetestscripts" name="validatefooterForInsights" time="0.207"/>
  <testcase classname="com.atmecs.ToolsninjaAutomation.testScripts.HomePagetestscripts" name="validatefooterForInsights" time="0.197"/>
  <testcase classname="com.atmecs.ToolsninjaAutomation.testScripts.HomePagetestscripts" name="validatefooterForInsights" time="0.196"/>
  <testcase classname="com.atmecs.ToolsninjaAutomation.testScripts.HomePagetestscripts" name="validatefooterForInsights" time="0.213"/>
  <testcase classname="com.atmecs.ToolsninjaAutomation.testScripts.HomePagetestscripts" name="validatefooterForInsights" time="0.004"/>
  <testcase classname="com.atmecs.ToolsninjaAutomation.testScripts.ValidateAnchors" name="moveToDigitalLife" time="6.791"/>
  <testcase classname="com.atmecs.ToolsninjaAutomation.testScripts.ValidateAnchors" name="isDigitalLifeAnchorPresent" time="0.944">
    <failure type="java.lang.AssertionError" message="footer is not present expected [Artificial Intelligence / Machine Learning] but found []">
      <![CDATA[java.lang.AssertionError: footer is not present expected [Artificial Intelligence / Machine Learning] but found []
at com.atmecs.ToolsninjaAutomation.pages.HomePage.ValidateAnchors(HomePage.java:63)
at com.atmecs.ToolsninjaAutomation.testScripts.ValidateAnchors.isDigitalLifeAnchorPresent(ValidateAnchors.java:48)
at java.base/java.util.concurrent.FutureTask.run(FutureTask.java:264)
at java.base/java.util.concurrent.ThreadPoolExecutor.runWorker(ThreadPoolExecutor.java:1128)
at java.base/java.util.concurrent.ThreadPoolExecutor$Worker.run(ThreadPoolExecutor.java:628)
at java.base/java.lang.Thread.run(Thread.java:835)
... Removed 21 stack frames]]>
    </failure>
  </testcase> <!-- isDigitalLifeAnchorPresent -->
  <testcase classname="com.atmecs.ToolsninjaAutomation.testScripts.ValidateAnchors" name="isDigitalLifeAnchorPresent" time="0.728">
    <failure type="java.lang.AssertionError" message="footer is not present expected [Augmented Reality / Virtual Reality] but found []">
      <![CDATA[java.lang.AssertionError: footer is not present expected [Augmented Reality / Virtual Reality] but found []
at com.atmecs.ToolsninjaAutomation.pages.HomePage.ValidateAnchors(HomePage.java:63)
at com.atmecs.ToolsninjaAutomation.testScripts.ValidateAnchors.isDigitalLifeAnchorPresent(ValidateAnchors.java:48)
at java.base/java.util.concurrent.FutureTask.run(FutureTask.java:264)
at java.base/java.util.concurrent.ThreadPoolExecutor.runWorker(ThreadPoolExecutor.java:1128)
at java.base/java.util.concurrent.ThreadPoolExecutor$Worker.run(ThreadPoolExecutor.java:628)
at java.base/java.lang.Thread.run(Thread.java:835)
... Removed 21 stack frames]]>
    </failure>
  </testcase> <!-- isDigitalLifeAnchorPresent -->
  <testcase classname="com.atmecs.ToolsninjaAutomation.testScripts.ValidateAnchors" name="isDigitalLifeAnchorPresent" time="0.364">
    <failure type="java.lang.AssertionError" message="footer is not present expected [Internet of Things] but found []">
      <![CDATA[java.lang.AssertionError: footer is not present expected [Internet of Things] but found []
at com.atmecs.ToolsninjaAutomation.pages.HomePage.ValidateAnchors(HomePage.java:63)
at com.atmecs.ToolsninjaAutomation.testScripts.ValidateAnchors.isDigitalLifeAnchorPresent(ValidateAnchors.java:48)
at java.base/java.util.concurrent.FutureTask.run(FutureTask.java:264)
at java.base/java.util.concurrent.ThreadPoolExecutor.runWorker(ThreadPoolExecutor.java:1128)
at java.base/java.util.concurrent.ThreadPoolExecutor$Worker.run(ThreadPoolExecutor.java:628)
at java.base/java.lang.Thread.run(Thread.java:835)
... Removed 21 stack frames]]>
    </failure>
  </testcase> <!-- isDigitalLifeAnchorPresent -->
  <testcase classname="com.atmecs.ToolsninjaAutomation.testScripts.ValidateAnchors" name="isDigitalLifeAnchorPresent" time="0.327">
    <failure type="java.lang.AssertionError" message="footer is not present expected [Blockchain] but found []">
      <![CDATA[java.lang.AssertionError: footer is not present expected [Blockchain] but found []
at com.atmecs.ToolsninjaAutomation.pages.HomePage.ValidateAnchors(HomePage.java:63)
at com.atmecs.ToolsninjaAutomation.testScripts.ValidateAnchors.isDigitalLifeAnchorPresent(ValidateAnchors.java:48)
at java.base/java.util.concurrent.FutureTask.run(FutureTask.java:264)
at java.base/java.util.concurrent.ThreadPoolExecutor.runWorker(ThreadPoolExecutor.java:1128)
at java.base/java.util.concurrent.ThreadPoolExecutor$Worker.run(ThreadPoolExecutor.java:628)
at java.base/java.lang.Thread.run(Thread.java:835)
... Removed 21 stack frames]]>
    </failure>
  </testcase> <!-- isDigitalLifeAnchorPresent -->
  <testcase classname="com.atmecs.ToolsninjaAutomation.testScripts.ValidateAnchors" name="isDigitalLifeAnchorPresent" time="0.368">
    <failure type="java.lang.AssertionError" message="footer is not present expected [Robotic Process Automation &amp;amp; ChatBOTs] but found []">
      <![CDATA[java.lang.AssertionError: footer is not present expected [Robotic Process Automation & ChatBOTs] but found []
at com.atmecs.ToolsninjaAutomation.pages.HomePage.ValidateAnchors(HomePage.java:63)
at com.atmecs.ToolsninjaAutomation.testScripts.ValidateAnchors.isDigitalLifeAnchorPresent(ValidateAnchors.java:48)
at java.base/java.util.concurrent.FutureTask.run(FutureTask.java:264)
at java.base/java.util.concurrent.ThreadPoolExecutor.runWorker(ThreadPoolExecutor.java:1128)
at java.base/java.util.concurrent.ThreadPoolExecutor$Worker.run(ThreadPoolExecutor.java:628)
at java.base/java.lang.Thread.run(Thread.java:835)
... Removed 20 stack frames]]>
    </failure>
  </testcase> <!-- isDigitalLifeAnchorPresent -->
  <testcase classname="com.atmecs.ToolsninjaAutomation.testScripts.ValidateAnchors" name="isDigitalLifeAnchorPresent" time="0.0"/>
  <testcase classname="com.atmecs.ToolsninjaAutomation.testScripts.ValidateAnchors" name="moveToInfrastructure" time="5.322"/>
  <testcase classname="com.atmecs.ToolsninjaAutomation.testScripts.ValidateAnchors" name="isInfrastructureAnchorPresent" time="0.34">
    <failure type="java.lang.AssertionError" message="footer is not present expected [Infrastructure Management] but found []">
      <![CDATA[java.lang.AssertionError: footer is not present expected [Infrastructure Management] but found []
at com.atmecs.ToolsninjaAutomation.pages.HomePage.ValidateAnchors(HomePage.java:63)
at com.atmecs.ToolsninjaAutomation.testScripts.ValidateAnchors.isInfrastructureAnchorPresent(ValidateAnchors.java:55)
at java.base/java.util.concurrent.FutureTask.run(FutureTask.java:264)
at java.base/java.util.concurrent.ThreadPoolExecutor.runWorker(ThreadPoolExecutor.java:1128)
at java.base/java.util.concurrent.ThreadPoolExecutor$Worker.run(ThreadPoolExecutor.java:628)
at java.base/java.lang.Thread.run(Thread.java:835)
... Removed 21 stack frames]]>
    </failure>
  </testcase> <!-- isInfrastructureAnchorPresent -->
  <testcase classname="com.atmecs.ToolsninjaAutomation.testScripts.ValidateAnchors" name="isInfrastructureAnchorPresent" time="0.387">
    <failure type="java.lang.AssertionError" message="footer is not present expected [Cloud Infrastructure] but found []">
      <![CDATA[java.lang.AssertionError: footer is not present expected [Cloud Infrastructure] but found []
at com.atmecs.ToolsninjaAutomation.pages.HomePage.ValidateAnchors(HomePage.java:63)
at com.atmecs.ToolsninjaAutomation.testScripts.ValidateAnchors.isInfrastructureAnchorPresent(ValidateAnchors.java:55)
at java.base/java.util.concurrent.FutureTask.run(FutureTask.java:264)
at java.base/java.util.concurrent.ThreadPoolExecutor.runWorker(ThreadPoolExecutor.java:1128)
at java.base/java.util.concurrent.ThreadPoolExecutor$Worker.run(ThreadPoolExecutor.java:628)
at java.base/java.lang.Thread.run(Thread.java:835)
... Removed 21 stack frames]]>
    </failure>
  </testcase> <!-- isInfrastructureAnchorPresent -->
  <testcase classname="com.atmecs.ToolsninjaAutomation.testScripts.ValidateAnchors" name="isInfrastructureAnchorPresent" time="0.632">
    <failure type="java.lang.AssertionError" message="footer is not present expected [Devops] but found []">
      <![CDATA[java.lang.AssertionError: footer is not present expected [Devops] but found []
at com.atmecs.ToolsninjaAutomation.pages.HomePage.ValidateAnchors(HomePage.java:63)
at com.atmecs.ToolsninjaAutomation.testScripts.ValidateAnchors.isInfrastructureAnchorPresent(ValidateAnchors.java:55)
at java.base/java.util.concurrent.FutureTask.run(FutureTask.java:264)
at java.base/java.util.concurrent.ThreadPoolExecutor.runWorker(ThreadPoolExecutor.java:1128)
at java.base/java.util.concurrent.ThreadPoolExecutor$Worker.run(ThreadPoolExecutor.java:628)
at java.base/java.lang.Thread.run(Thread.java:835)
... Removed 21 stack frames]]>
    </failure>
  </testcase> <!-- isInfrastructureAnchorPresent -->
  <testcase classname="com.atmecs.ToolsninjaAutomation.testScripts.ValidateAnchors" name="isInfrastructureAnchorPresent" time="0.467">
    <failure type="java.lang.AssertionError" message="footer is not present expected [NOC Services] but found []">
      <![CDATA[java.lang.AssertionError: footer is not present expected [NOC Services] but found []
at com.atmecs.ToolsninjaAutomation.pages.HomePage.ValidateAnchors(HomePage.java:63)
at com.atmecs.ToolsninjaAutomation.testScripts.ValidateAnchors.isInfrastructureAnchorPresent(ValidateAnchors.java:55)
at java.base/java.util.concurrent.FutureTask.run(FutureTask.java:264)
at java.base/java.util.concurrent.ThreadPoolExecutor.runWorker(ThreadPoolExecutor.java:1128)
at java.base/java.util.concurrent.ThreadPoolExecutor$Worker.run(ThreadPoolExecutor.java:628)
at java.base/java.lang.Thread.run(Thread.java:835)
... Removed 21 stack frames]]>
    </failure>
  </testcase> <!-- isInfrastructureAnchorPresent -->
  <testcase classname="com.atmecs.ToolsninjaAutomation.testScripts.ValidateAnchors" name="isInfrastructureAnchorPresent" time="0.377">
    <failure type="java.lang.AssertionError" message="footer is not present expected [Data Center Management] but found []">
      <![CDATA[java.lang.AssertionError: footer is not present expected [Data Center Management] but found []
at com.atmecs.ToolsninjaAutomation.pages.HomePage.ValidateAnchors(HomePage.java:63)
at com.atmecs.ToolsninjaAutomation.testScripts.ValidateAnchors.isInfrastructureAnchorPresent(ValidateAnchors.java:55)
at java.base/java.util.concurrent.FutureTask.run(FutureTask.java:264)
at java.base/java.util.concurrent.ThreadPoolExecutor.runWorker(ThreadPoolExecutor.java:1128)
at java.base/java.util.concurrent.ThreadPoolExecutor$Worker.run(ThreadPoolExecutor.java:628)
at java.base/java.lang.Thread.run(Thread.java:835)
... Removed 20 stack frames]]>
    </failure>
  </testcase> <!-- isInfrastructureAnchorPresent -->
  <testcase classname="com.atmecs.ToolsninjaAutomation.testScripts.ValidateAnchors" name="isInfrastructureAnchorPresent" time="0.0"/>
  <testcase classname="com.atmecs.ToolsninjaAutomation.testScripts.InsightsValidation" name="anchorRedirection" time="4.383">
    <failure type="org.openqa.selenium.ElementNotInteractableException" message="Element is not displayed
Build info: version: &amp;apos;3.141.59&amp;apos;, revision: &amp;apos;e82be7d358&amp;apos;, time: &amp;apos;2018-11-14T08:17:03&amp;apos;
System info: host: &amp;apos;ATMECSINLT-038&amp;apos;, ip: &amp;apos;55.55.52.193&amp;apos;, os.name: &amp;apos;Windows 10&amp;apos;, os.arch: &amp;apos;amd64&amp;apos;, os.version: &amp;apos;10.0&amp;apos;, java.version: &amp;apos;12.0.1&amp;apos;
Driver info: org.openqa.selenium.ie.InternetExplorerDriver
Capabilities {acceptInsecureCerts: false, browserName: internet explorer, browserVersion: 11, javascriptEnabled: true, pageLoadStrategy: normal, platform: WINDOWS, platformName: WINDOWS, proxy: Proxy(), se:ieOptions: {browserAttachTimeout: 0, elementScrollBehavior: 0, enablePersistentHover: true, ie.browserCommandLineSwitches: , ie.ensureCleanSession: false, ie.fileUploadDialogTimeout: 3000, ie.forceCreateProcessApi: false, ignoreProtectedModeSettings: false, ignoreZoomSetting: false, initialBrowserUrl: http://www.atmecs.com/, nativeEvents: true, requireWindowFocus: false}, setWindowRect: true, timeouts: {implicit: 0, pageLoad: 300000, script: 30000}}
Session ID: 4b922042-f8fa-4b97-bafa-1f33fbc1d5a3">
      <![CDATA[org.openqa.selenium.ElementNotInteractableException: Element is not displayed
Build info: version: '3.141.59', revision: 'e82be7d358', time: '2018-11-14T08:17:03'
System info: host: 'ATMECSINLT-038', ip: '55.55.52.193', os.name: 'Windows 10', os.arch: 'amd64', os.version: '10.0', java.version: '12.0.1'
Driver info: org.openqa.selenium.ie.InternetExplorerDriver
Capabilities {acceptInsecureCerts: false, browserName: internet explorer, browserVersion: 11, javascriptEnabled: true, pageLoadStrategy: normal, platform: WINDOWS, platformName: WINDOWS, proxy: Proxy(), se:ieOptions: {browserAttachTimeout: 0, elementScrollBehavior: 0, enablePersistentHover: true, ie.browserCommandLineSwitches: , ie.ensureCleanSession: false, ie.fileUploadDialogTimeout: 3000, ie.forceCreateProcessApi: false, ignoreProtectedModeSettings: false, ignoreZoomSetting: false, initialBrowserUrl: http://www.atmecs.com/, nativeEvents: true, requireWindowFocus: false}, setWindowRect: true, timeouts: {implicit: 0, pageLoad: 300000, script: 30000}}
Session ID: 4b922042-f8fa-4b97-bafa-1f33fbc1d5a3
at org.openqa.selenium.remote.http.W3CHttpResponseCodec.createException(W3CHttpResponseCodec.java:187)
at org.openqa.selenium.remote.http.W3CHttpResponseCodec.decode(W3CHttpResponseCodec.java:122)
at org.openqa.selenium.remote.http.W3CHttpResponseCodec.decode(W3CHttpResponseCodec.java:49)
at org.openqa.selenium.remote.HttpCommandExecutor.execute(HttpCommandExecutor.java:158)
at org.openqa.selenium.remote.service.DriverCommandExecutor.execute(DriverCommandExecutor.java:83)
at org.openqa.selenium.remote.RemoteWebDriver.execute(RemoteWebDriver.java:552)
at org.openqa.selenium.remote.RemoteWebElement.execute(RemoteWebElement.java:285)
at org.openqa.selenium.remote.RemoteWebElement.click(RemoteWebElement.java:84)
at com.atmecs.ToolsninjaAutomation.helpers.WebUtility$1.apply(WebUtility.java:50)
at com.atmecs.ToolsninjaAutomation.helpers.WebUtility$1.apply(WebUtility.java:1)
at org.openqa.selenium.support.ui.FluentWait.until(FluentWait.java:249)
at com.atmecs.ToolsninjaAutomation.helpers.WebUtility.clickElement(WebUtility.java:47)
at com.atmecs.ToolsninjaAutomation.testflow.BlogPageFlow.clickHeader(BlogPageFlow.java:34)
at com.atmecs.ToolsninjaAutomation.testScripts.InsightsValidation.anchorRedirection(InsightsValidation.java:46)
at java.base/java.util.concurrent.FutureTask.run(FutureTask.java:264)
at java.base/java.util.concurrent.ThreadPoolExecutor.runWorker(ThreadPoolExecutor.java:1128)
at java.base/java.util.concurrent.ThreadPoolExecutor$Worker.run(ThreadPoolExecutor.java:628)
at java.base/java.lang.Thread.run(Thread.java:835)
... Removed 21 stack frames]]>
    </failure>
  </testcase> <!-- anchorRedirection -->
  <testcase classname="com.atmecs.ToolsninjaAutomation.testScripts.InsightsValidation" name="validateDate" time="6.396">
    <failure type="org.openqa.selenium.NoSuchElementException" message="Unable to find element with xpath == //time[contains(.,&amp;apos;March 15, 2019&amp;apos;)]
For documentation on this error, please visit: https://www.seleniumhq.org/exceptions/no_such_element.html
Build info: version: &amp;apos;3.141.59&amp;apos;, revision: &amp;apos;e82be7d358&amp;apos;, time: &amp;apos;2018-11-14T08:17:03&amp;apos;
System info: host: &amp;apos;ATMECSINLT-038&amp;apos;, ip: &amp;apos;55.55.52.193&amp;apos;, os.name: &amp;apos;Windows 10&amp;apos;, os.arch: &amp;apos;amd64&amp;apos;, os.version: &amp;apos;10.0&amp;apos;, java.version: &amp;apos;12.0.1&amp;apos;
Driver info: org.openqa.selenium.ie.InternetExplorerDriver
Capabilities {acceptInsecureCerts: false, browserName: internet explorer, browserVersion: 11, javascriptEnabled: true, pageLoadStrategy: normal, platform: WINDOWS, platformName: WINDOWS, proxy: Proxy(), se:ieOptions: {browserAttachTimeout: 0, elementScrollBehavior: 0, enablePersistentHover: true, ie.browserCommandLineSwitches: , ie.ensureCleanSession: false, ie.fileUploadDialogTimeout: 3000, ie.forceCreateProcessApi: false, ignoreProtectedModeSettings: false, ignoreZoomSetting: false, initialBrowserUrl: http://www.atmecs.com/, nativeEvents: true, requireWindowFocus: false}, setWindowRect: true, timeouts: {implicit: 0, pageLoad: 300000, script: 30000}}
Session ID: 4b922042-f8fa-4b97-bafa-1f33fbc1d5a3
*** Element info: {Using=xpath, value=//time[contains(.,&amp;apos;March 15, 2019&amp;apos;)]}">
      <![CDATA[org.openqa.selenium.NoSuchElementException: Unable to find element with xpath == //time[contains(.,'March 15, 2019')]
For documentation on this error, please visit: https://www.seleniumhq.org/exceptions/no_such_element.html
Build info: version: '3.141.59', revision: 'e82be7d358', time: '2018-11-14T08:17:03'
System info: host: 'ATMECSINLT-038', ip: '55.55.52.193', os.name: 'Windows 10', os.arch: 'amd64', os.version: '10.0', java.version: '12.0.1'
Driver info: org.openqa.selenium.ie.InternetExplorerDriver
Capabilities {acceptInsecureCerts: false, browserName: internet explorer, browserVersion: 11, javascriptEnabled: true, pageLoadStrategy: normal, platform: WINDOWS, platformName: WINDOWS, proxy: Proxy(), se:ieOptions: {browserAttachTimeout: 0, elementScrollBehavior: 0, enablePersistentHover: true, ie.browserCommandLineSwitches: , ie.ensureCleanSession: false, ie.fileUploadDialogTimeout: 3000, ie.forceCreateProcessApi: false, ignoreProtectedModeSettings: false, ignoreZoomSetting: false, initialBrowserUrl: http://www.atmecs.com/, nativeEvents: true, requireWindowFocus: false}, setWindowRect: true, timeouts: {implicit: 0, pageLoad: 300000, script: 30000}}
Session ID: 4b922042-f8fa-4b97-bafa-1f33fbc1d5a3
*** Element info: {Using=xpath, value=//time[contains(.,'March 15, 2019')]}
at org.openqa.selenium.remote.http.W3CHttpResponseCodec.createException(W3CHttpResponseCodec.java:187)
at org.openqa.selenium.remote.http.W3CHttpResponseCodec.decode(W3CHttpResponseCodec.java:122)
at org.openqa.selenium.remote.http.W3CHttpResponseCodec.decode(W3CHttpResponseCodec.java:49)
at org.openqa.selenium.remote.HttpCommandExecutor.execute(HttpCommandExecutor.java:158)
at org.openqa.selenium.remote.service.DriverCommandExecutor.execute(DriverCommandExecutor.java:83)
at org.openqa.selenium.remote.RemoteWebDriver.execute(RemoteWebDriver.java:552)
at org.openqa.selenium.remote.RemoteWebDriver.findElement(RemoteWebDriver.java:323)
at org.openqa.selenium.remote.RemoteWebDriver.findElementByXPath(RemoteWebDriver.java:428)
at org.openqa.selenium.By$ByXPath.findElement(By.java:353)
at org.openqa.selenium.remote.RemoteWebDriver.findElement(RemoteWebDriver.java:315)
at com.atmecs.ToolsninjaAutomation.helpers.WebUtility.getText(WebUtility.java:104)
at com.atmecs.ToolsninjaAutomation.testflow.BlogPageFlow.getDate(BlogPageFlow.java:54)
at com.atmecs.ToolsninjaAutomation.pages.InsightPage.validateDateDifference(InsightPage.java:41)
at com.atmecs.ToolsninjaAutomation.testScripts.InsightsValidation.validateDate(InsightsValidation.java:58)
at java.base/java.util.concurrent.FutureTask.run(FutureTask.java:264)
at java.base/java.util.concurrent.ThreadPoolExecutor.runWorker(ThreadPoolExecutor.java:1128)
at java.base/java.util.concurrent.ThreadPoolExecutor$Worker.run(ThreadPoolExecutor.java:628)
at java.base/java.lang.Thread.run(Thread.java:835)
... Removed 21 stack frames]]>
    </failure>
  </testcase> <!-- validateDate -->
  <testcase classname="com.atmecs.ToolsninjaAutomation.testScripts.InsightsValidation" name="validateTitle" time="6.086">
    <failure type="org.openqa.selenium.NoSuchElementException" message="Unable to find element with xpath == //h1[contains(@class,&amp;apos;page-title&amp;apos;)]
For documentation on this error, please visit: https://www.seleniumhq.org/exceptions/no_such_element.html
Build info: version: &amp;apos;3.141.59&amp;apos;, revision: &amp;apos;e82be7d358&amp;apos;, time: &amp;apos;2018-11-14T08:17:03&amp;apos;
System info: host: &amp;apos;ATMECSINLT-038&amp;apos;, ip: &amp;apos;55.55.52.193&amp;apos;, os.name: &amp;apos;Windows 10&amp;apos;, os.arch: &amp;apos;amd64&amp;apos;, os.version: &amp;apos;10.0&amp;apos;, java.version: &amp;apos;12.0.1&amp;apos;
Driver info: org.openqa.selenium.ie.InternetExplorerDriver
Capabilities {acceptInsecureCerts: false, browserName: internet explorer, browserVersion: 11, javascriptEnabled: true, pageLoadStrategy: normal, platform: WINDOWS, platformName: WINDOWS, proxy: Proxy(), se:ieOptions: {browserAttachTimeout: 0, elementScrollBehavior: 0, enablePersistentHover: true, ie.browserCommandLineSwitches: , ie.ensureCleanSession: false, ie.fileUploadDialogTimeout: 3000, ie.forceCreateProcessApi: false, ignoreProtectedModeSettings: false, ignoreZoomSetting: false, initialBrowserUrl: http://www.atmecs.com/, nativeEvents: true, requireWindowFocus: false}, setWindowRect: true, timeouts: {implicit: 0, pageLoad: 300000, script: 30000}}
Session ID: 4b922042-f8fa-4b97-bafa-1f33fbc1d5a3
*** Element info: {Using=xpath, value=//h1[contains(@class,&amp;apos;page-title&amp;apos;)]}">
      <![CDATA[org.openqa.selenium.NoSuchElementException: Unable to find element with xpath == //h1[contains(@class,'page-title')]
For documentation on this error, please visit: https://www.seleniumhq.org/exceptions/no_such_element.html
Build info: version: '3.141.59', revision: 'e82be7d358', time: '2018-11-14T08:17:03'
System info: host: 'ATMECSINLT-038', ip: '55.55.52.193', os.name: 'Windows 10', os.arch: 'amd64', os.version: '10.0', java.version: '12.0.1'
Driver info: org.openqa.selenium.ie.InternetExplorerDriver
Capabilities {acceptInsecureCerts: false, browserName: internet explorer, browserVersion: 11, javascriptEnabled: true, pageLoadStrategy: normal, platform: WINDOWS, platformName: WINDOWS, proxy: Proxy(), se:ieOptions: {browserAttachTimeout: 0, elementScrollBehavior: 0, enablePersistentHover: true, ie.browserCommandLineSwitches: , ie.ensureCleanSession: false, ie.fileUploadDialogTimeout: 3000, ie.forceCreateProcessApi: false, ignoreProtectedModeSettings: false, ignoreZoomSetting: false, initialBrowserUrl: http://www.atmecs.com/, nativeEvents: true, requireWindowFocus: false}, setWindowRect: true, timeouts: {implicit: 0, pageLoad: 300000, script: 30000}}
Session ID: 4b922042-f8fa-4b97-bafa-1f33fbc1d5a3
*** Element info: {Using=xpath, value=//h1[contains(@class,'page-title')]}
at org.openqa.selenium.remote.http.W3CHttpResponseCodec.createException(W3CHttpResponseCodec.java:187)
at org.openqa.selenium.remote.http.W3CHttpResponseCodec.decode(W3CHttpResponseCodec.java:122)
at org.openqa.selenium.remote.http.W3CHttpResponseCodec.decode(W3CHttpResponseCodec.java:49)
at org.openqa.selenium.remote.HttpCommandExecutor.execute(HttpCommandExecutor.java:158)
at org.openqa.selenium.remote.service.DriverCommandExecutor.execute(DriverCommandExecutor.java:83)
at org.openqa.selenium.remote.RemoteWebDriver.execute(RemoteWebDriver.java:552)
at org.openqa.selenium.remote.RemoteWebDriver.findElement(RemoteWebDriver.java:323)
at org.openqa.selenium.remote.RemoteWebDriver.findElementByXPath(RemoteWebDriver.java:428)
at org.openqa.selenium.By$ByXPath.findElement(By.java:353)
at org.openqa.selenium.remote.RemoteWebDriver.findElement(RemoteWebDriver.java:315)
at com.atmecs.ToolsninjaAutomation.helpers.WebUtility.getText(WebUtility.java:104)
at com.atmecs.ToolsninjaAutomation.pages.InsightPage.validateBlogTitle(InsightPage.java:51)
at com.atmecs.ToolsninjaAutomation.testScripts.InsightsValidation.validateTitle(InsightsValidation.java:68)
at java.base/java.util.concurrent.FutureTask.run(FutureTask.java:264)
at java.base/java.util.concurrent.ThreadPoolExecutor.runWorker(ThreadPoolExecutor.java:1128)
at java.base/java.util.concurrent.ThreadPoolExecutor$Worker.run(ThreadPoolExecutor.java:628)
at java.base/java.lang.Thread.run(Thread.java:835)
... Removed 21 stack frames]]>
    </failure>
  </testcase> <!-- validateTitle -->
  <testcase classname="com.atmecs.ToolsninjaAutomation.testScripts.InsightsValidation" name="validateBreadCrumb" time="6.305">
    <failure type="org.openqa.selenium.NoSuchElementException" message="Unable to find element with xpath == (//span[@class=&amp;apos;breadcrumb&amp;apos;])[1]
For documentation on this error, please visit: https://www.seleniumhq.org/exceptions/no_such_element.html
Build info: version: &amp;apos;3.141.59&amp;apos;, revision: &amp;apos;e82be7d358&amp;apos;, time: &amp;apos;2018-11-14T08:17:03&amp;apos;
System info: host: &amp;apos;ATMECSINLT-038&amp;apos;, ip: &amp;apos;55.55.52.193&amp;apos;, os.name: &amp;apos;Windows 10&amp;apos;, os.arch: &amp;apos;amd64&amp;apos;, os.version: &amp;apos;10.0&amp;apos;, java.version: &amp;apos;12.0.1&amp;apos;
Driver info: org.openqa.selenium.ie.InternetExplorerDriver
Capabilities {acceptInsecureCerts: false, browserName: internet explorer, browserVersion: 11, javascriptEnabled: true, pageLoadStrategy: normal, platform: WINDOWS, platformName: WINDOWS, proxy: Proxy(), se:ieOptions: {browserAttachTimeout: 0, elementScrollBehavior: 0, enablePersistentHover: true, ie.browserCommandLineSwitches: , ie.ensureCleanSession: false, ie.fileUploadDialogTimeout: 3000, ie.forceCreateProcessApi: false, ignoreProtectedModeSettings: false, ignoreZoomSetting: false, initialBrowserUrl: http://www.atmecs.com/, nativeEvents: true, requireWindowFocus: false}, setWindowRect: true, timeouts: {implicit: 0, pageLoad: 300000, script: 30000}}
Session ID: 4b922042-f8fa-4b97-bafa-1f33fbc1d5a3
*** Element info: {Using=xpath, value=(//span[@class=&amp;apos;breadcrumb&amp;apos;])[1]}">
      <![CDATA[org.openqa.selenium.NoSuchElementException: Unable to find element with xpath == (//span[@class='breadcrumb'])[1]
For documentation on this error, please visit: https://www.seleniumhq.org/exceptions/no_such_element.html
Build info: version: '3.141.59', revision: 'e82be7d358', time: '2018-11-14T08:17:03'
System info: host: 'ATMECSINLT-038', ip: '55.55.52.193', os.name: 'Windows 10', os.arch: 'amd64', os.version: '10.0', java.version: '12.0.1'
Driver info: org.openqa.selenium.ie.InternetExplorerDriver
Capabilities {acceptInsecureCerts: false, browserName: internet explorer, browserVersion: 11, javascriptEnabled: true, pageLoadStrategy: normal, platform: WINDOWS, platformName: WINDOWS, proxy: Proxy(), se:ieOptions: {browserAttachTimeout: 0, elementScrollBehavior: 0, enablePersistentHover: true, ie.browserCommandLineSwitches: , ie.ensureCleanSession: false, ie.fileUploadDialogTimeout: 3000, ie.forceCreateProcessApi: false, ignoreProtectedModeSettings: false, ignoreZoomSetting: false, initialBrowserUrl: http://www.atmecs.com/, nativeEvents: true, requireWindowFocus: false}, setWindowRect: true, timeouts: {implicit: 0, pageLoad: 300000, script: 30000}}
Session ID: 4b922042-f8fa-4b97-bafa-1f33fbc1d5a3
*** Element info: {Using=xpath, value=(//span[@class='breadcrumb'])[1]}
at org.openqa.selenium.remote.http.W3CHttpResponseCodec.createException(W3CHttpResponseCodec.java:187)
at org.openqa.selenium.remote.http.W3CHttpResponseCodec.decode(W3CHttpResponseCodec.java:122)
at org.openqa.selenium.remote.http.W3CHttpResponseCodec.decode(W3CHttpResponseCodec.java:49)
at org.openqa.selenium.remote.HttpCommandExecutor.execute(HttpCommandExecutor.java:158)
at org.openqa.selenium.remote.service.DriverCommandExecutor.execute(DriverCommandExecutor.java:83)
at org.openqa.selenium.remote.RemoteWebDriver.execute(RemoteWebDriver.java:552)
at org.openqa.selenium.remote.RemoteWebDriver.findElement(RemoteWebDriver.java:323)
at org.openqa.selenium.remote.RemoteWebDriver.findElementByXPath(RemoteWebDriver.java:428)
at org.openqa.selenium.By$ByXPath.findElement(By.java:353)
at org.openqa.selenium.remote.RemoteWebDriver.findElement(RemoteWebDriver.java:315)
at com.atmecs.ToolsninjaAutomation.helpers.WebUtility.getText(WebUtility.java:104)
at com.atmecs.ToolsninjaAutomation.pages.InsightPage.validateBreadcrumb(InsightPage.java:60)
at com.atmecs.ToolsninjaAutomation.testScripts.InsightsValidation.validateBreadCrumb(InsightsValidation.java:78)
at java.base/java.util.concurrent.FutureTask.run(FutureTask.java:264)
at java.base/java.util.concurrent.ThreadPoolExecutor.runWorker(ThreadPoolExecutor.java:1128)
at java.base/java.util.concurrent.ThreadPoolExecutor$Worker.run(ThreadPoolExecutor.java:628)
at java.base/java.lang.Thread.run(Thread.java:835)
... Removed 21 stack frames]]>
    </failure>
  </testcase> <!-- validateBreadCrumb -->
  <testcase classname="com.atmecs.ToolsninjaAutomation.testScripts.InsightsValidation" name="validateErrorMsg" time="6.622">
    <failure type="org.openqa.selenium.NoSuchElementException" message="Unable to find element with xpath == (//div[@id=&amp;apos;respond&amp;apos;]//form//p[@class=&amp;apos;form-submit&amp;apos;]//input)[1]
For documentation on this error, please visit: https://www.seleniumhq.org/exceptions/no_such_element.html
Build info: version: &amp;apos;3.141.59&amp;apos;, revision: &amp;apos;e82be7d358&amp;apos;, time: &amp;apos;2018-11-14T08:17:03&amp;apos;
System info: host: &amp;apos;ATMECSINLT-038&amp;apos;, ip: &amp;apos;55.55.52.193&amp;apos;, os.name: &amp;apos;Windows 10&amp;apos;, os.arch: &amp;apos;amd64&amp;apos;, os.version: &amp;apos;10.0&amp;apos;, java.version: &amp;apos;12.0.1&amp;apos;
Driver info: org.openqa.selenium.ie.InternetExplorerDriver
Capabilities {acceptInsecureCerts: false, browserName: internet explorer, browserVersion: 11, javascriptEnabled: true, pageLoadStrategy: normal, platform: WINDOWS, platformName: WINDOWS, proxy: Proxy(), se:ieOptions: {browserAttachTimeout: 0, elementScrollBehavior: 0, enablePersistentHover: true, ie.browserCommandLineSwitches: , ie.ensureCleanSession: false, ie.fileUploadDialogTimeout: 3000, ie.forceCreateProcessApi: false, ignoreProtectedModeSettings: false, ignoreZoomSetting: false, initialBrowserUrl: http://www.atmecs.com/, nativeEvents: true, requireWindowFocus: false}, setWindowRect: true, timeouts: {implicit: 0, pageLoad: 300000, script: 30000}}
Session ID: 4b922042-f8fa-4b97-bafa-1f33fbc1d5a3
*** Element info: {Using=xpath, value=(//div[@id=&amp;apos;respond&amp;apos;]//form//p[@class=&amp;apos;form-submit&amp;apos;]//input)[1]}">
      <![CDATA[org.openqa.selenium.NoSuchElementException: Unable to find element with xpath == (//div[@id='respond']//form//p[@class='form-submit']//input)[1]
For documentation on this error, please visit: https://www.seleniumhq.org/exceptions/no_such_element.html
Build info: version: '3.141.59', revision: 'e82be7d358', time: '2018-11-14T08:17:03'
System info: host: 'ATMECSINLT-038', ip: '55.55.52.193', os.name: 'Windows 10', os.arch: 'amd64', os.version: '10.0', java.version: '12.0.1'
Driver info: org.openqa.selenium.ie.InternetExplorerDriver
Capabilities {acceptInsecureCerts: false, browserName: internet explorer, browserVersion: 11, javascriptEnabled: true, pageLoadStrategy: normal, platform: WINDOWS, platformName: WINDOWS, proxy: Proxy(), se:ieOptions: {browserAttachTimeout: 0, elementScrollBehavior: 0, enablePersistentHover: true, ie.browserCommandLineSwitches: , ie.ensureCleanSession: false, ie.fileUploadDialogTimeout: 3000, ie.forceCreateProcessApi: false, ignoreProtectedModeSettings: false, ignoreZoomSetting: false, initialBrowserUrl: http://www.atmecs.com/, nativeEvents: true, requireWindowFocus: false}, setWindowRect: true, timeouts: {implicit: 0, pageLoad: 300000, script: 30000}}
Session ID: 4b922042-f8fa-4b97-bafa-1f33fbc1d5a3
*** Element info: {Using=xpath, value=(//div[@id='respond']//form//p[@class='form-submit']//input)[1]}
at org.openqa.selenium.remote.http.W3CHttpResponseCodec.createException(W3CHttpResponseCodec.java:187)
at org.openqa.selenium.remote.http.W3CHttpResponseCodec.decode(W3CHttpResponseCodec.java:122)
at org.openqa.selenium.remote.http.W3CHttpResponseCodec.decode(W3CHttpResponseCodec.java:49)
at org.openqa.selenium.remote.HttpCommandExecutor.execute(HttpCommandExecutor.java:158)
at org.openqa.selenium.remote.service.DriverCommandExecutor.execute(DriverCommandExecutor.java:83)
at org.openqa.selenium.remote.RemoteWebDriver.execute(RemoteWebDriver.java:552)
at org.openqa.selenium.remote.RemoteWebDriver.findElement(RemoteWebDriver.java:323)
at org.openqa.selenium.remote.RemoteWebDriver.findElementByXPath(RemoteWebDriver.java:428)
at org.openqa.selenium.By$ByXPath.findElement(By.java:353)
at org.openqa.selenium.remote.RemoteWebDriver.findElement(RemoteWebDriver.java:315)
at com.atmecs.ToolsninjaAutomation.helpers.WebUtility$1.apply(WebUtility.java:49)
at com.atmecs.ToolsninjaAutomation.helpers.WebUtility$1.apply(WebUtility.java:1)
at org.openqa.selenium.support.ui.FluentWait.until(FluentWait.java:249)
at com.atmecs.ToolsninjaAutomation.helpers.WebUtility.clickElement(WebUtility.java:47)
at com.atmecs.ToolsninjaAutomation.testflow.BlogPageFlow.clickSubmit(BlogPageFlow.java:43)
at com.atmecs.ToolsninjaAutomation.testScripts.InsightsValidation.validateErrorMsg(InsightsValidation.java:86)
at java.base/java.util.concurrent.FutureTask.run(FutureTask.java:264)
at java.base/java.util.concurrent.ThreadPoolExecutor.runWorker(ThreadPoolExecutor.java:1128)
at java.base/java.util.concurrent.ThreadPoolExecutor$Worker.run(ThreadPoolExecutor.java:628)
at java.base/java.lang.Thread.run(Thread.java:835)
... Removed 21 stack frames]]>
    </failure>
  </testcase> <!-- validateErrorMsg -->
  <testcase classname="com.atmecs.ToolsninjaAutomation.testScripts.HomePageMoreInfotestscripts" name="clickExplorenow" time="35.343">
    <failure type="org.openqa.selenium.TimeoutException" message="Expected condition failed: waiting for element to be clickable: By.xpath: //div[@class=&amp;apos;breadcrumb-list&amp;apos;] (tried for 30 second(s) with 500 milliseconds interval)">
      <![CDATA[org.openqa.selenium.TimeoutException: Expected condition failed: waiting for element to be clickable: By.xpath: //div[@class='breadcrumb-list'] (tried for 30 second(s) with 500 milliseconds interval)
at org.openqa.selenium.support.ui.WebDriverWait.timeoutException(WebDriverWait.java:95)
at org.openqa.selenium.support.ui.FluentWait.until(FluentWait.java:272)
at com.atmecs.ToolsninjaAutomation.helpers.WebUtility.explicitWait(WebUtility.java:237)
at com.atmecs.ToolsninjaAutomation.testflow.HomePageFlowMoreInfo.clickExploreNow(HomePageFlowMoreInfo.java:43)
at com.atmecs.ToolsninjaAutomation.testScripts.HomePageMoreInfotestscripts.clickExplorenow(HomePageMoreInfotestscripts.java:43)
at java.base/java.util.concurrent.FutureTask.run(FutureTask.java:264)
at java.base/java.util.concurrent.ThreadPoolExecutor.runWorker(ThreadPoolExecutor.java:1128)
at java.base/java.util.concurrent.ThreadPoolExecutor$Worker.run(ThreadPoolExecutor.java:628)
at java.base/java.lang.Thread.run(Thread.java:835)
Caused by: org.openqa.selenium.NoSuchElementException: Unable to find element with xpath == //div[@class='breadcrumb-list']
For documentation on this error, please visit: https://www.seleniumhq.org/exceptions/no_such_element.html
Build info: version: '3.141.59', revision: 'e82be7d358', time: '2018-11-14T08:17:03'
System info: host: 'ATMECSINLT-038', ip: '55.55.52.193', os.name: 'Windows 10', os.arch: 'amd64', os.version: '10.0', java.version: '12.0.1'
Driver info: org.openqa.selenium.ie.InternetExplorerDriver
Capabilities {acceptInsecureCerts: false, browserName: internet explorer, browserVersion: 11, javascriptEnabled: true, pageLoadStrategy: normal, platform: WINDOWS, platformName: WINDOWS, proxy: Proxy(), se:ieOptions: {browserAttachTimeout: 0, elementScrollBehavior: 0, enablePersistentHover: true, ie.browserCommandLineSwitches: , ie.ensureCleanSession: false, ie.fileUploadDialogTimeout: 3000, ie.forceCreateProcessApi: false, ignoreProtectedModeSettings: false, ignoreZoomSetting: false, initialBrowserUrl: http://www.atmecs.com/, nativeEvents: true, requireWindowFocus: false}, setWindowRect: true, timeouts: {implicit: 0, pageLoad: 300000, script: 30000}}
Session ID: 14ce4356-48de-4548-8e3f-2567bc5cba73
*** Element info: {Using=xpath, value=//div[@class='breadcrumb-list']}
at org.openqa.selenium.remote.http.W3CHttpResponseCodec.createException(W3CHttpResponseCodec.java:187)
at org.openqa.selenium.remote.http.W3CHttpResponseCodec.decode(W3CHttpResponseCodec.java:122)
at org.openqa.selenium.remote.http.W3CHttpResponseCodec.decode(W3CHttpResponseCodec.java:49)
at org.openqa.selenium.remote.HttpCommandExecutor.execute(HttpCommandExecutor.java:158)
at org.openqa.selenium.remote.service.DriverCommandExecutor.execute(DriverCommandExecutor.java:83)
at org.openqa.selenium.remote.RemoteWebDriver.execute(RemoteWebDriver.java:552)
at org.openqa.selenium.remote.RemoteWebDriver.findElement(RemoteWebDriver.java:323)
at org.openqa.selenium.remote.RemoteWebDriver.findElementByXPath(RemoteWebDriver.java:428)
at org.openqa.selenium.By$ByXPath.findElement(By.java:353)
at org.openqa.selenium.remote.RemoteWebDriver.findElement(RemoteWebDriver.java:315)
at org.openqa.selenium.support.ui.ExpectedConditions$7.apply(ExpectedConditions.java:205)
at org.openqa.selenium.support.ui.ExpectedConditions$7.apply(ExpectedConditions.java:201)
at org.openqa.selenium.support.ui.ExpectedConditions$22.apply(ExpectedConditions.java:641)
at org.openqa.selenium.support.ui.ExpectedConditions$22.apply(ExpectedConditions.java:638)
at org.openqa.selenium.support.ui.FluentWait.until(FluentWait.java:249)
... 23 more
... Removed 21 stack frames]]>
    </failure>
  </testcase> <!-- clickExplorenow -->
  <testcase classname="com.atmecs.ToolsninjaAutomation.testScripts.HomePageMoreInfotestscripts" name="clickMoreInfo" time="7.623"/>
  <testcase classname="com.atmecs.ToolsninjaAutomation.testScripts.HomePageMoreInfotestscripts" name="clickMoreInfo" time="7.498"/>
  <testcase classname="com.atmecs.ToolsninjaAutomation.testScripts.HomePageMoreInfotestscripts" name="clickMoreInfo" time="6.729"/>
  <testcase classname="com.atmecs.ToolsninjaAutomation.testScripts.HomePageMoreInfotestscripts" name="clickMoreInfo" time="34.4">
    <failure type="org.openqa.selenium.TimeoutException" message="Expected condition failed: waiting for element to be clickable: By.xpath: //div[@class=&amp;apos;breadcrumb-list&amp;apos;] (tried for 30 second(s) with 500 milliseconds interval)">
      <![CDATA[org.openqa.selenium.TimeoutException: Expected condition failed: waiting for element to be clickable: By.xpath: //div[@class='breadcrumb-list'] (tried for 30 second(s) with 500 milliseconds interval)
at org.openqa.selenium.support.ui.WebDriverWait.timeoutException(WebDriverWait.java:95)
at org.openqa.selenium.support.ui.FluentWait.until(FluentWait.java:272)
at com.atmecs.ToolsninjaAutomation.helpers.WebUtility.explicitWait(WebUtility.java:237)
at com.atmecs.ToolsninjaAutomation.pages.HomepageMoreInfo.validateBreadCrumbs(HomepageMoreInfo.java:37)
at com.atmecs.ToolsninjaAutomation.testScripts.HomePageMoreInfotestscripts.clickMoreInfo(HomePageMoreInfotestscripts.java:59)
at java.base/java.util.concurrent.FutureTask.run(FutureTask.java:264)
at java.base/java.util.concurrent.ThreadPoolExecutor.runWorker(ThreadPoolExecutor.java:1128)
at java.base/java.util.concurrent.ThreadPoolExecutor$Worker.run(ThreadPoolExecutor.java:628)
at java.base/java.lang.Thread.run(Thread.java:835)
Caused by: org.openqa.selenium.NoSuchElementException: Unable to find element with xpath == //div[@class='breadcrumb-list']
For documentation on this error, please visit: https://www.seleniumhq.org/exceptions/no_such_element.html
Build info: version: '3.141.59', revision: 'e82be7d358', time: '2018-11-14T08:17:03'
System info: host: 'ATMECSINLT-038', ip: '55.55.52.193', os.name: 'Windows 10', os.arch: 'amd64', os.version: '10.0', java.version: '12.0.1'
Driver info: org.openqa.selenium.ie.InternetExplorerDriver
Capabilities {acceptInsecureCerts: false, browserName: internet explorer, browserVersion: 11, javascriptEnabled: true, pageLoadStrategy: normal, platform: WINDOWS, platformName: WINDOWS, proxy: Proxy(), se:ieOptions: {browserAttachTimeout: 0, elementScrollBehavior: 0, enablePersistentHover: true, ie.browserCommandLineSwitches: , ie.ensureCleanSession: false, ie.fileUploadDialogTimeout: 3000, ie.forceCreateProcessApi: false, ignoreProtectedModeSettings: false, ignoreZoomSetting: false, initialBrowserUrl: http://www.atmecs.com/, nativeEvents: true, requireWindowFocus: false}, setWindowRect: true, timeouts: {implicit: 0, pageLoad: 300000, script: 30000}}
Session ID: 14ce4356-48de-4548-8e3f-2567bc5cba73
*** Element info: {Using=xpath, value=//div[@class='breadcrumb-list']}
at org.openqa.selenium.remote.http.W3CHttpResponseCodec.createException(W3CHttpResponseCodec.java:187)
at org.openqa.selenium.remote.http.W3CHttpResponseCodec.decode(W3CHttpResponseCodec.java:122)
at org.openqa.selenium.remote.http.W3CHttpResponseCodec.decode(W3CHttpResponseCodec.java:49)
at org.openqa.selenium.remote.HttpCommandExecutor.execute(HttpCommandExecutor.java:158)
at org.openqa.selenium.remote.service.DriverCommandExecutor.execute(DriverCommandExecutor.java:83)
at org.openqa.selenium.remote.RemoteWebDriver.execute(RemoteWebDriver.java:552)
at org.openqa.selenium.remote.RemoteWebDriver.findElement(RemoteWebDriver.java:323)
at org.openqa.selenium.remote.RemoteWebDriver.findElementByXPath(RemoteWebDriver.java:428)
at org.openqa.selenium.By$ByXPath.findElement(By.java:353)
at org.openqa.selenium.remote.RemoteWebDriver.findElement(RemoteWebDriver.java:315)
at org.openqa.selenium.support.ui.ExpectedConditions$7.apply(ExpectedConditions.java:205)
at org.openqa.selenium.support.ui.ExpectedConditions$7.apply(ExpectedConditions.java:201)
at org.openqa.selenium.support.ui.ExpectedConditions$22.apply(ExpectedConditions.java:641)
at org.openqa.selenium.support.ui.ExpectedConditions$22.apply(ExpectedConditions.java:638)
at org.openqa.selenium.support.ui.FluentWait.until(FluentWait.java:249)
... 23 more
... Removed 20 stack frames]]>
    </failure>
  </testcase> <!-- clickMoreInfo -->
  <testcase classname="com.atmecs.ToolsninjaAutomation.testScripts.HomePageMoreInfotestscripts" name="clickMoreInfo" time="33.928">
    <failure type="org.openqa.selenium.TimeoutException" message="Expected condition failed: waiting for element to be clickable: By.xpath: //div[@class=&amp;apos;breadcrumb-list&amp;apos;] (tried for 30 second(s) with 500 milliseconds interval)">
      <![CDATA[org.openqa.selenium.TimeoutException: Expected condition failed: waiting for element to be clickable: By.xpath: //div[@class='breadcrumb-list'] (tried for 30 second(s) with 500 milliseconds interval)
at org.openqa.selenium.support.ui.WebDriverWait.timeoutException(WebDriverWait.java:95)
at org.openqa.selenium.support.ui.FluentWait.until(FluentWait.java:272)
at com.atmecs.ToolsninjaAutomation.helpers.WebUtility.explicitWait(WebUtility.java:237)
at com.atmecs.ToolsninjaAutomation.pages.HomepageMoreInfo.validateBreadCrumbs(HomepageMoreInfo.java:37)
at com.atmecs.ToolsninjaAutomation.testScripts.HomePageMoreInfotestscripts.clickMoreInfo(HomePageMoreInfotestscripts.java:59)
at java.base/java.util.concurrent.FutureTask.run(FutureTask.java:264)
at java.base/java.util.concurrent.ThreadPoolExecutor.runWorker(ThreadPoolExecutor.java:1128)
at java.base/java.util.concurrent.ThreadPoolExecutor$Worker.run(ThreadPoolExecutor.java:628)
at java.base/java.lang.Thread.run(Thread.java:835)
Caused by: org.openqa.selenium.NoSuchElementException: Unable to find element with xpath == //div[@class='breadcrumb-list']
For documentation on this error, please visit: https://www.seleniumhq.org/exceptions/no_such_element.html
Build info: version: '3.141.59', revision: 'e82be7d358', time: '2018-11-14T08:17:03'
System info: host: 'ATMECSINLT-038', ip: '55.55.52.193', os.name: 'Windows 10', os.arch: 'amd64', os.version: '10.0', java.version: '12.0.1'
Driver info: org.openqa.selenium.ie.InternetExplorerDriver
Capabilities {acceptInsecureCerts: false, browserName: internet explorer, browserVersion: 11, javascriptEnabled: true, pageLoadStrategy: normal, platform: WINDOWS, platformName: WINDOWS, proxy: Proxy(), se:ieOptions: {browserAttachTimeout: 0, elementScrollBehavior: 0, enablePersistentHover: true, ie.browserCommandLineSwitches: , ie.ensureCleanSession: false, ie.fileUploadDialogTimeout: 3000, ie.forceCreateProcessApi: false, ignoreProtectedModeSettings: false, ignoreZoomSetting: false, initialBrowserUrl: http://www.atmecs.com/, nativeEvents: true, requireWindowFocus: false}, setWindowRect: true, timeouts: {implicit: 0, pageLoad: 300000, script: 30000}}
Session ID: 14ce4356-48de-4548-8e3f-2567bc5cba73
*** Element info: {Using=xpath, value=//div[@class='breadcrumb-list']}
at org.openqa.selenium.remote.http.W3CHttpResponseCodec.createException(W3CHttpResponseCodec.java:187)
at org.openqa.selenium.remote.http.W3CHttpResponseCodec.decode(W3CHttpResponseCodec.java:122)
at org.openqa.selenium.remote.http.W3CHttpResponseCodec.decode(W3CHttpResponseCodec.java:49)
at org.openqa.selenium.remote.HttpCommandExecutor.execute(HttpCommandExecutor.java:158)
at org.openqa.selenium.remote.service.DriverCommandExecutor.execute(DriverCommandExecutor.java:83)
at org.openqa.selenium.remote.RemoteWebDriver.execute(RemoteWebDriver.java:552)
at org.openqa.selenium.remote.RemoteWebDriver.findElement(RemoteWebDriver.java:323)
at org.openqa.selenium.remote.RemoteWebDriver.findElementByXPath(RemoteWebDriver.java:428)
at org.openqa.selenium.By$ByXPath.findElement(By.java:353)
at org.openqa.selenium.remote.RemoteWebDriver.findElement(RemoteWebDriver.java:315)
at org.openqa.selenium.support.ui.ExpectedConditions$7.apply(ExpectedConditions.java:205)
at org.openqa.selenium.support.ui.ExpectedConditions$7.apply(ExpectedConditions.java:201)
at org.openqa.selenium.support.ui.ExpectedConditions$22.apply(ExpectedConditions.java:641)
at org.openqa.selenium.support.ui.ExpectedConditions$22.apply(ExpectedConditions.java:638)
at org.openqa.selenium.support.ui.FluentWait.until(FluentWait.java:249)
... 23 more
... Removed 20 stack frames]]>
    </failure>
  </testcase> <!-- clickMoreInfo -->
</testsuite> <!-- Test3 -->
