<?xml version="1.0" encoding="UTF-8"?>
<!-- Generated by org.testng.reporters.JUnitXMLReporter -->
<testsuite ignored="0" hostname="ATMECSINLT-038" failures="0" tests="4" name="Test validate chrome" time="2.158" errors="0" timestamp="05 Nov 2019 12:56:24 GMT">
  <testcase classname="com.atmecs.ToolsninjaAutomation.testBase.TestBase" name="@BeforeTest intitailizeBrowser" time="2.158">
    <failure type="org.openqa.selenium.SessionNotCreatedException" message="session not created: This version of ChromeDriver only supports Chrome version 78
Build info: version: &amp;apos;3.141.59&amp;apos;, revision: &amp;apos;e82be7d358&amp;apos;, time: &amp;apos;2018-11-14T08:25:53&amp;apos;
System info: host: &amp;apos;ATMECSINLT-038&amp;apos;, ip: &amp;apos;55.55.52.193&amp;apos;, os.name: &amp;apos;Windows 10&amp;apos;, os.arch: &amp;apos;amd64&amp;apos;, os.version: &amp;apos;10.0&amp;apos;, java.version: &amp;apos;12.0.1&amp;apos;
Driver info: driver.version: unknown
remote stacktrace: Backtrace:
	Ordinal0 [0x0109A903+1550595]
	Ordinal0 [0x0101A701+1025793]
	Ordinal0 [0x00F9C6E5+509669]
	Ordinal0 [0x00F2FC68+64616]
	Ordinal0 [0x00F2C594+50580]
	Ordinal0 [0x00F4ACE7+175335]
	Ordinal0 [0x00F4A8ED+174317]
	Ordinal0 [0x00F48CDB+167131]
	Ordinal0 [0x00F3144A+70730]
	Ordinal0 [0x00F324D0+74960]
	Ordinal0 [0x00F32469+74857]
	Ordinal0 [0x010342C7+1131207]
	GetHandleVerifier [0x011370FD+523789]
	GetHandleVerifier [0x01136E90+523168]
	GetHandleVerifier [0x0113E1E7+552695]
	GetHandleVerifier [0x011378FA+525834]
	Ordinal0 [0x0102B7FC+1095676]
	Ordinal0 [0x0103633B+1139515]
	Ordinal0 [0x010364A3+1139875]
	Ordinal0 [0x01035425+1135653]
	BaseThreadInitThunk [0x76A560C9+25]
	RtlGetAppContainerNamedObjectPath [0x77377A94+228]
	RtlGetAppContainerNamedObjectPath [0x77377A64+180]

Command duration or timeout: 2.14 seconds">
      <![CDATA[org.openqa.selenium.SessionNotCreatedException: session not created: This version of ChromeDriver only supports Chrome version 78
Build info: version: '3.141.59', revision: 'e82be7d358', time: '2018-11-14T08:25:53'
System info: host: 'ATMECSINLT-038', ip: '55.55.52.193', os.name: 'Windows 10', os.arch: 'amd64', os.version: '10.0', java.version: '12.0.1'
Driver info: driver.version: unknown
remote stacktrace: Backtrace:
Ordinal0 [0x0109A903+1550595]
Ordinal0 [0x0101A701+1025793]
Ordinal0 [0x00F9C6E5+509669]
Ordinal0 [0x00F2FC68+64616]
Ordinal0 [0x00F2C594+50580]
Ordinal0 [0x00F4ACE7+175335]
Ordinal0 [0x00F4A8ED+174317]
Ordinal0 [0x00F48CDB+167131]
Ordinal0 [0x00F3144A+70730]
Ordinal0 [0x00F324D0+74960]
Ordinal0 [0x00F32469+74857]
Ordinal0 [0x010342C7+1131207]
GetHandleVerifier [0x011370FD+523789]
GetHandleVerifier [0x01136E90+523168]
GetHandleVerifier [0x0113E1E7+552695]
GetHandleVerifier [0x011378FA+525834]
Ordinal0 [0x0102B7FC+1095676]
Ordinal0 [0x0103633B+1139515]
Ordinal0 [0x010364A3+1139875]
Ordinal0 [0x01035425+1135653]
BaseThreadInitThunk [0x76A560C9+25]
RtlGetAppContainerNamedObjectPath [0x77377A94+228]
RtlGetAppContainerNamedObjectPath [0x77377A64+180]

Command duration or timeout: 2.14 seconds
at org.openqa.selenium.remote.ErrorHandler.createThrowable(ErrorHandler.java:214)
at org.openqa.selenium.remote.ErrorHandler.throwIfResponseFailed(ErrorHandler.java:166)
at org.openqa.selenium.remote.JsonWireProtocolResponse.lambda$errorHandler$0(JsonWireProtocolResponse.java:54)
at org.openqa.selenium.remote.HandshakeResponse.lambda$getResponseFunction$0(HandshakeResponse.java:30)
at org.openqa.selenium.remote.ProtocolHandshake.lambda$createSession$0(ProtocolHandshake.java:126)
at java.base/java.util.stream.ReferencePipeline$3$1.accept(ReferencePipeline.java:195)
at java.base/java.util.Spliterators$ArraySpliterator.tryAdvance(Spliterators.java:958)
at java.base/java.util.stream.ReferencePipeline.forEachWithCancel(ReferencePipeline.java:127)
at java.base/java.util.stream.AbstractPipeline.copyIntoWithCancel(AbstractPipeline.java:502)
at java.base/java.util.stream.AbstractPipeline.copyInto(AbstractPipeline.java:488)
at java.base/java.util.stream.AbstractPipeline.wrapAndCopyInto(AbstractPipeline.java:474)
at java.base/java.util.stream.FindOps$FindOp.evaluateSequential(FindOps.java:150)
at java.base/java.util.stream.AbstractPipeline.evaluate(AbstractPipeline.java:234)
at java.base/java.util.stream.ReferencePipeline.findFirst(ReferencePipeline.java:543)
at org.openqa.selenium.remote.ProtocolHandshake.createSession(ProtocolHandshake.java:128)
at org.openqa.selenium.remote.ProtocolHandshake.createSession(ProtocolHandshake.java:74)
at org.openqa.selenium.remote.HttpCommandExecutor.execute(HttpCommandExecutor.java:136)
at org.openqa.selenium.remote.RemoteWebDriver.execute(RemoteWebDriver.java:552)
at org.openqa.selenium.remote.RemoteWebDriver.startSession(RemoteWebDriver.java:213)
at org.openqa.selenium.remote.RemoteWebDriver.<init>(RemoteWebDriver.java:131)
at org.openqa.selenium.remote.RemoteWebDriver.<init>(RemoteWebDriver.java:144)
at com.atmecs.ToolsninjaAutomation.constants.GridConnection.getConnection(GridConnection.java:51)
at com.atmecs.ToolsninjaAutomation.testBase.TestBase.intitailizeBrowser(TestBase.java:86)
at java.base/java.util.concurrent.FutureTask.run(FutureTask.java:264)
at java.base/java.util.concurrent.ThreadPoolExecutor.runWorker(ThreadPoolExecutor.java:1128)
at java.base/java.util.concurrent.ThreadPoolExecutor$Worker.run(ThreadPoolExecutor.java:628)
at java.base/java.lang.Thread.run(Thread.java:835)
Caused by: org.openqa.selenium.SessionNotCreatedException: session not created: This version of ChromeDriver only supports Chrome version 78
Build info: version: '3.141.59', revision: 'e82be7d358', time: '2018-11-14T08:25:53'
System info: host: 'ATMECSINLT-038', ip: '55.55.52.193', os.name: 'Windows 10', os.arch: 'amd64', os.version: '10.0', java.version: '12.0.1'
Driver info: driver.version: unknown
remote stacktrace: Backtrace:
Ordinal0 [0x0109A903+1550595]
Ordinal0 [0x0101A701+1025793]
Ordinal0 [0x00F9C6E5+509669]
Ordinal0 [0x00F2FC68+64616]
Ordinal0 [0x00F2C594+50580]
Ordinal0 [0x00F4ACE7+175335]
Ordinal0 [0x00F4A8ED+174317]
Ordinal0 [0x00F48CDB+167131]
Ordinal0 [0x00F3144A+70730]
Ordinal0 [0x00F324D0+74960]
Ordinal0 [0x00F32469+74857]
Ordinal0 [0x010342C7+1131207]
GetHandleVerifier [0x011370FD+523789]
GetHandleVerifier [0x01136E90+523168]
GetHandleVerifier [0x0113E1E7+552695]
GetHandleVerifier [0x011378FA+525834]
Ordinal0 [0x0102B7FC+1095676]
Ordinal0 [0x0103633B+1139515]
Ordinal0 [0x010364A3+1139875]
Ordinal0 [0x01035425+1135653]
BaseThreadInitThunk [0x76A560C9+25]
RtlGetAppContainerNamedObjectPath [0x77377A94+228]
RtlGetAppContainerNamedObjectPath [0x77377A64+180]

Build info: version: '3.141.59', revision: 'e82be7d358', time: '2018-11-14T08:17:03'
System info: host: 'ATMECSINLT-038', ip: '55.55.52.193', os.name: 'Windows 10', os.arch: 'amd64', os.version: '10.0', java.version: '12.0.1'
Driver info: driver.version: unknown
at org.openqa.selenium.remote.W3CHandshakeResponse.lambda$errorHandler$0(W3CHandshakeResponse.java:62)
at org.openqa.selenium.remote.HandshakeResponse.lambda$getResponseFunction$0(HandshakeResponse.java:30)
at org.openqa.selenium.remote.ProtocolHandshake.lambda$createSession$0(ProtocolHandshake.java:126)
at java.util.stream.ReferencePipeline$3$1.accept(ReferencePipeline.java:195)
at java.util.Spliterators$ArraySpliterator.tryAdvance(Spliterators.java:958)
at java.util.stream.ReferencePipeline.forEachWithCancel(ReferencePipeline.java:127)
at java.util.stream.AbstractPipeline.copyIntoWithCancel(AbstractPipeline.java:502)
at java.util.stream.AbstractPipeline.copyInto(AbstractPipeline.java:488)
at java.util.stream.AbstractPipeline.wrapAndCopyInto(AbstractPipeline.java:474)
at java.util.stream.FindOps$FindOp.evaluateSequential(FindOps.java:150)
at java.util.stream.AbstractPipeline.evaluate(AbstractPipeline.java:234)
at java.util.stream.ReferencePipeline.findFirst(ReferencePipeline.java:543)
at org.openqa.selenium.remote.ProtocolHandshake.createSession(ProtocolHandshake.java:128)
at org.openqa.selenium.remote.ProtocolHandshake.createSession(ProtocolHandshake.java:74)
at org.openqa.selenium.grid.session.remote.RemoteSession$Factory.performHandshake(RemoteSession.java:147)
at org.openqa.selenium.grid.session.remote.ServicedSession$Factory.apply(ServicedSession.java:161)
at org.openqa.selenium.remote.server.ActiveSessionFactory.lambda$apply$12(ActiveSessionFactory.java:180)
at java.util.stream.ReferencePipeline$3$1.accept(ReferencePipeline.java:195)
at java.util.stream.ReferencePipeline$11$1.accept(ReferencePipeline.java:442)
at java.util.stream.ReferencePipeline$2$1.accept(ReferencePipeline.java:177)
at java.util.Spliterators$ArraySpliterator.tryAdvance(Spliterators.java:958)
at java.util.stream.ReferencePipeline.forEachWithCancel(ReferencePipeline.java:127)
at java.util.stream.AbstractPipeline.copyIntoWithCancel(AbstractPipeline.java:502)
at java.util.stream.AbstractPipeline.copyInto(AbstractPipeline.java:488)
at java.util.stream.AbstractPipeline.wrapAndCopyInto(AbstractPipeline.java:474)
at java.util.stream.FindOps$FindOp.evaluateSequential(FindOps.java:150)
at java.util.stream.AbstractPipeline.evaluate(AbstractPipeline.java:234)
at java.util.stream.ReferencePipeline.findFirst(ReferencePipeline.java:543)
at org.openqa.selenium.remote.server.ActiveSessionFactory.apply(ActiveSessionFactory.java:183)
at org.openqa.selenium.remote.server.NewSessionPipeline.lambda$null$2(NewSessionPipeline.java:66)
at java.util.stream.ReferencePipeline$3$1.accept(ReferencePipeline.java:195)
at java.util.stream.ReferencePipeline$2$1.accept(ReferencePipeline.java:177)
at java.util.Collections$2.tryAdvance(Collections.java:4745)
at java.util.stream.ReferencePipeline.forEachWithCancel(ReferencePipeline.java:127)
at java.util.stream.AbstractPipeline.copyIntoWithCancel(AbstractPipeline.java:502)
at java.util.stream.AbstractPipeline.copyInto(AbstractPipeline.java:488)
at java.util.stream.AbstractPipeline.wrapAndCopyInto(AbstractPipeline.java:474)
at java.util.stream.FindOps$FindOp.evaluateSequential(FindOps.java:150)
at java.util.stream.AbstractPipeline.evaluate(AbstractPipeline.java:234)
at java.util.stream.ReferencePipeline.findFirst(ReferencePipeline.java:543)
at org.openqa.selenium.remote.server.NewSessionPipeline.lambda$createNewSession$3(NewSessionPipeline.java:69)
at java.util.stream.ReferencePipeline$3$1.accept(ReferencePipeline.java:195)
at java.util.stream.ReferencePipeline$3$1.accept(ReferencePipeline.java:195)
at java.util.stream.ReferencePipeline$3$1.accept(ReferencePipeline.java:195)
at java.util.stream.DistinctOps$1$2.accept(DistinctOps.java:174)
at java.util.stream.ReferencePipeline$2$1.accept(ReferencePipeline.java:177)
at java.util.stream.ReferencePipeline$3$1.accept(ReferencePipeline.java:195)
at java.util.stream.ReferencePipeline$2$1.accept(ReferencePipeline.java:177)
at java.util.stream.Streams$StreamBuilderImpl.tryAdvance(Streams.java:397)
at java.util.stream.Streams$ConcatSpliterator.tryAdvance(Streams.java:720)
at java.util.stream.ReferencePipeline.forEachWithCancel(ReferencePipeline.java:127)
at java.util.stream.AbstractPipeline.copyIntoWithCancel(AbstractPipeline.java:502)
at java.util.stream.AbstractPipeline.copyInto(AbstractPipeline.java:488)
at java.util.stream.AbstractPipeline.wrapAndCopyInto(AbstractPipeline.java:474)
at java.util.stream.FindOps$FindOp.evaluateSequential(FindOps.java:150)
at java.util.stream.AbstractPipeline.evaluate(AbstractPipeline.java:234)
at java.util.stream.ReferencePipeline.findFirst(ReferencePipeline.java:543)
at org.openqa.selenium.remote.server.NewSessionPipeline.createNewSession(NewSessionPipeline.java:72)
at org.openqa.selenium.remote.server.commandhandler.BeginSession.execute(BeginSession.java:65)
at org.openqa.selenium.remote.server.WebDriverServlet.lambda$handle$0(WebDriverServlet.java:235)
at java.util.concurrent.Executors$RunnableAdapter.call(Executors.java:515)
at java.util.concurrent.FutureTask.run(FutureTask.java:264)
at java.util.concurrent.ThreadPoolExecutor.runWorker(ThreadPoolExecutor.java:1128)
at java.util.concurrent.ThreadPoolExecutor$Worker.run(ThreadPoolExecutor.java:628)
at java.lang.Thread.run(Thread.java:835)
... Removed 25 stack frames]]>
    </failure>
  </testcase> <!-- @BeforeTest intitailizeBrowser -->
  <testcase classname="com.atmecs.ToolsninjaAutomation.testScripts.GetTableData" name="@BeforeTest loadLocatorsFile" time="0.0">
    <skipped/>
  </testcase> <!-- @BeforeTest loadLocatorsFile -->
  <testcase classname="com.atmecs.ToolsninjaAutomation.testScripts.GetTableData" name="@AfterTest closeBrowser" time="0.0">
    <skipped/>
  </testcase> <!-- @AfterTest closeBrowser -->
  <testcase classname="com.atmecs.ToolsninjaAutomation.testBase.TestBase" name="@AfterTest tearResource" time="0.0">
    <skipped/>
  </testcase> <!-- @AfterTest tearResource -->
  <testcase classname="com.atmecs.ToolsninjaAutomation.testScripts.GetTableData" name="getDataByNumbers" time="0.0">
    <skipped/>
  </testcase> <!-- getDataByNumbers -->
  <testcase classname="com.atmecs.ToolsninjaAutomation.testScripts.GetTableData" name="getPosition" time="0.0">
    <skipped/>
  </testcase> <!-- getPosition -->
  <testcase classname="com.atmecs.ToolsninjaAutomation.testScripts.GetTableData" name="getData" time="0.0">
    <skipped/>
  </testcase> <!-- getData -->
  <testcase classname="com.atmecs.ToolsninjaAutomation.testScripts.GetTableData" name="getRowData" time="0.0">
    <skipped/>
  </testcase> <!-- getRowData -->
</testsuite> <!-- Test validate chrome -->
